<?xml version="1.0" encoding="UTF-8"?>
<testsuite xmlns:xsi="http://www.w3.org/2001/XMLSchema-instance" xsi:noNamespaceSchemaLocation="https://maven.apache.org/surefire/maven-surefire-plugin/xsd/surefire-test-report-3.0.xsd" version="3.0" name="com.oxyl.coursepfback.service.MapServiceTest" time="3.037" tests="29" errors="0" skipped="0" failures="0">
  <properties>
[...]
</properties>
  <testcase name="updateMap_withNullLigne_shouldSucceed" classname="com.oxyl.coursepfback.service.MapServiceTest" time="2.6">
    <system-out><![CDATA[09:38:14.003 [main] DEBUG com.oxyl.coursepfback.service.MapService -- Mise à jour de la map: com.oxyl.coursepfback.model.MapModel@4bee18dc
09:38:14.012 [main] INFO com.oxyl.coursepfback.service.MapService -- Map mise à jour avec succès: com.oxyl.coursepfback.model.MapModel@6d4a65c6
]]></system-out>
    <system-err><![CDATA[WARNING: A Java agent has been loaded dynamically (C:\Users\melin\.m2\repository\net\bytebuddy\byte-buddy-agent\1.14.9\byte-buddy-agent-1.14.9.jar)
WARNING: If a serviceability tool is in use, please run with -XX:+EnableDynamicAgentLoading to hide this warning
WARNING: If a serviceability tool is not in use, please run with -Djdk.instrument.traceUsage for more information
WARNING: Dynamic loading of agents will be disallowed by default in a future release
]]></system-err>
  </testcase>
  <testcase name="updateMap_shouldSucceed" classname="com.oxyl.coursepfback.service.MapServiceTest" time="0.016">
    <system-out><![CDATA[09:38:14.093 [main] DEBUG com.oxyl.coursepfback.service.MapService -- Mise à jour de la map: com.oxyl.coursepfback.model.MapModel@4e628b52
09:38:14.103 [main] INFO com.oxyl.coursepfback.service.MapService -- Map mise à jour avec succès: com.oxyl.coursepfback.model.MapModel@4e628b52
]]></system-out>
  </testcase>
  <testcase name="getMap_withNonExistentId_shouldThrowNotFoundException" classname="com.oxyl.coursepfback.service.MapServiceTest" time="0.019">
    <system-out><![CDATA[09:38:14.122 [main] DEBUG com.oxyl.coursepfback.service.MapService -- Récupération de la map avec l'id: 1
09:38:14.123 [main] ERROR com.oxyl.coursepfback.service.MapService -- Map non trouvée avec l'id: 1
]]></system-out>
  </testcase>
  <testcase name="updateMap_withInvalidDimensions_shouldThrowValidationException" classname="com.oxyl.coursepfback.service.MapServiceTest" time="0.011">
    <system-out><![CDATA[09:38:14.138 [main] DEBUG com.oxyl.coursepfback.service.MapService -- Mise à jour de la map: com.oxyl.coursepfback.model.MapModel@bdc8014
09:38:14.139 [main] ERROR com.oxyl.coursepfback.service.MapService -- Tentative de mise à jour du nombre de lignes avec une valeur négative: 0
09:38:14.140 [main] DEBUG com.oxyl.coursepfback.service.MapService -- Mise à jour de la map: com.oxyl.coursepfback.model.MapModel@bdc8014
09:38:14.140 [main] ERROR com.oxyl.coursepfback.service.MapService -- Tentative de mise à jour du nombre de colonnes avec une valeur négative: 0
]]></system-out>
  </testcase>
  <testcase name="updateMap_withInvalidLigne_shouldThrowValidationException" classname="com.oxyl.coursepfback.service.MapServiceTest" time="0.019">
    <system-out><![CDATA[09:38:14.156 [main] DEBUG com.oxyl.coursepfback.service.MapService -- Mise à jour de la map: com.oxyl.coursepfback.model.MapModel@7435a578
09:38:14.159 [main] ERROR com.oxyl.coursepfback.service.MapService -- Tentative de mise à jour du nombre de lignes avec une valeur négative: -1
]]></system-out>
  </testcase>
  <testcase name="deleteMap_withZombies_shouldDeleteZombies" classname="com.oxyl.coursepfback.service.MapServiceTest" time="0.017">
    <system-out><![CDATA[09:38:14.176 [main] DEBUG com.oxyl.coursepfback.service.MapService -- Suppression de la map avec l'id: 1
09:38:14.176 [main] INFO com.oxyl.coursepfback.service.MapService -- Map supprimée avec succès: com.oxyl.coursepfback.model.MapModel@2b214b94
]]></system-out>
  </testcase>
  <testcase name="createMap_withInvalidDimensions_shouldThrowValidationException" classname="com.oxyl.coursepfback.service.MapServiceTest" time="0.016">
    <system-out><![CDATA[09:38:14.192 [main] DEBUG com.oxyl.coursepfback.service.MapService -- Création d'une nouvelle map: com.oxyl.coursepfback.model.MapModel@6daf2337
09:38:14.192 [main] ERROR com.oxyl.coursepfback.service.MapService -- Tentative de création d'une map avec un nombre de lignes négatif: 0
09:38:14.192 [main] DEBUG com.oxyl.coursepfback.service.MapService -- Création d'une nouvelle map: com.oxyl.coursepfback.model.MapModel@6daf2337
09:38:14.192 [main] ERROR com.oxyl.coursepfback.service.MapService -- Tentative de création d'une map avec un nombre de colonnes négatif: 0
]]></system-out>
  </testcase>
  <testcase name="updateMap_withAllNullValues_shouldSucceed" classname="com.oxyl.coursepfback.service.MapServiceTest" time="0.024">
    <system-out><![CDATA[09:38:14.208 [main] DEBUG com.oxyl.coursepfback.service.MapService -- Mise à jour de la map: com.oxyl.coursepfback.model.MapModel@78de58ea
09:38:14.210 [main] INFO com.oxyl.coursepfback.service.MapService -- Map mise à jour avec succès: com.oxyl.coursepfback.model.MapModel@60e5272
]]></system-out>
  </testcase>
  <testcase name="deleteMap_shouldSucceed" classname="com.oxyl.coursepfback.service.MapServiceTest" time="0.006">
    <system-out><![CDATA[09:38:14.224 [main] DEBUG com.oxyl.coursepfback.service.MapService -- Suppression de la map avec l'id: 1
09:38:14.224 [main] INFO com.oxyl.coursepfback.service.MapService -- Map supprimée avec succès: com.oxyl.coursepfback.model.MapModel@706cb08
]]></system-out>
  </testcase>
  <testcase name="getMap_shouldReturnMap" classname="com.oxyl.coursepfback.service.MapServiceTest" time="0.014">
    <system-out><![CDATA[09:38:14.238 [main] DEBUG com.oxyl.coursepfback.service.MapService -- Récupération de la map avec l'id: 1
09:38:14.238 [main] DEBUG com.oxyl.coursepfback.service.MapService -- Map trouvée: com.oxyl.coursepfback.model.MapModel@1dcca8d3
]]></system-out>
  </testcase>
  <testcase name="updateMap_withNonExistentId_shouldThrowNotFoundException" classname="com.oxyl.coursepfback.service.MapServiceTest" time="0.017">
    <system-out><![CDATA[09:38:14.238 [main] DEBUG com.oxyl.coursepfback.service.MapService -- Mise à jour de la map: com.oxyl.coursepfback.model.MapModel@3b6c624
09:38:14.238 [main] ERROR com.oxyl.coursepfback.service.MapService -- Tentative de mise à jour d'une map inexistante avec l'id: 1
]]></system-out>
  </testcase>
  <testcase name="deleteMap_withMultipleZombies_shouldDeleteAllZombies" classname="com.oxyl.coursepfback.service.MapServiceTest" time="0.015">
    <system-out><![CDATA[09:38:14.256 [main] DEBUG com.oxyl.coursepfback.service.MapService -- Suppression de la map avec l'id: 1
09:38:14.256 [main] INFO com.oxyl.coursepfback.service.MapService -- Map supprimée avec succès: com.oxyl.coursepfback.model.MapModel@31ee96f4
]]></system-out>
  </testcase>
  <testcase name="updateMap_withInvalidCheminImage_shouldThrowValidationException" classname="com.oxyl.coursepfback.service.MapServiceTest" time="0.0">
    <system-out><![CDATA[09:38:14.271 [main] DEBUG com.oxyl.coursepfback.service.MapService -- Mise à jour de la map: com.oxyl.coursepfback.model.MapModel@47d7bfb3
09:38:14.271 [main] ERROR com.oxyl.coursepfback.service.MapService -- Tentative de mise à jour du chemin d'image avec une valeur vide
]]></system-out>
  </testcase>
  <testcase name="updateMap_withNullMap_shouldThrowValidationException" classname="com.oxyl.coursepfback.service.MapServiceTest" time="0.021">
    <system-out><![CDATA[09:38:14.292 [main] DEBUG com.oxyl.coursepfback.service.MapService -- Mise à jour de la map: null
09:38:14.292 [main] ERROR com.oxyl.coursepfback.service.MapService -- Tentative de mise à jour d'une map null
]]></system-out>
  </testcase>
  <testcase name="updateMap_withNullColonne_shouldSucceed" classname="com.oxyl.coursepfback.service.MapServiceTest" time="0.013">
    <system-out><![CDATA[09:38:14.305 [main] DEBUG com.oxyl.coursepfback.service.MapService -- Mise à jour de la map: com.oxyl.coursepfback.model.MapModel@29852487
09:38:14.305 [main] INFO com.oxyl.coursepfback.service.MapService -- Map mise à jour avec succès: com.oxyl.coursepfback.model.MapModel@771db12c
]]></system-out>
  </testcase>
  <testcase name="createMap_withNullCheminImage_shouldThrowValidationException" classname="com.oxyl.coursepfback.service.MapServiceTest" time="0.0">
    <system-out><![CDATA[09:38:14.305 [main] DEBUG com.oxyl.coursepfback.service.MapService -- Création d'une nouvelle map: com.oxyl.coursepfback.model.MapModel@51827393
09:38:14.305 [main] ERROR com.oxyl.coursepfback.service.MapService -- Tentative de création d'une map avec un chemin d'image vide
]]></system-out>
  </testcase>
  <testcase name="updateMap_withEmptyCheminImage_shouldThrowValidationException" classname="com.oxyl.coursepfback.service.MapServiceTest" time="0.021">
    <system-out><![CDATA[09:38:14.323 [main] DEBUG com.oxyl.coursepfback.service.MapService -- Mise à jour de la map: com.oxyl.coursepfback.model.MapModel@58399d82
09:38:14.324 [main] ERROR com.oxyl.coursepfback.service.MapService -- Tentative de mise à jour du chemin d'image avec une valeur vide
]]></system-out>
  </testcase>
  <testcase name="createMap_withEmptyCheminImage_shouldThrowValidationException" classname="com.oxyl.coursepfback.service.MapServiceTest" time="0.0">
    <system-out><![CDATA[09:38:14.326 [main] DEBUG com.oxyl.coursepfback.service.MapService -- Création d'une nouvelle map: com.oxyl.coursepfback.model.MapModel@7ac9af2a
09:38:14.326 [main] ERROR com.oxyl.coursepfback.service.MapService -- Tentative de création d'une map avec un chemin d'image vide
]]></system-out>
  </testcase>
  <testcase name="deleteMap_withNonExistentId_shouldThrowNotFoundException" classname="com.oxyl.coursepfback.service.MapServiceTest" time="0.009">
    <system-out><![CDATA[09:38:14.344 [main] DEBUG com.oxyl.coursepfback.service.MapService -- Suppression de la map avec l'id: 1
09:38:14.345 [main] ERROR com.oxyl.coursepfback.service.MapService -- Tentative de suppression d'une map inexistante avec l'id: 1
]]></system-out>
  </testcase>
  <testcase name="getMap_withNullId_shouldThrowValidationException" classname="com.oxyl.coursepfback.service.MapServiceTest" time="0.013">
    <system-out><![CDATA[09:38:14.358 [main] DEBUG com.oxyl.coursepfback.service.MapService -- Récupération de la map avec l'id: null
09:38:14.359 [main] ERROR com.oxyl.coursepfback.service.MapService -- Tentative de récupération d'une map avec un id null
]]></system-out>
  </testcase>
  <testcase name="getAllMaps_withEmptyList_shouldReturnEmptyList" classname="com.oxyl.coursepfback.service.MapServiceTest" time="0.008">
    <system-out><![CDATA[09:38:14.368 [main] DEBUG com.oxyl.coursepfback.service.MapService -- Récupération de toutes les maps
09:38:14.369 [main] DEBUG com.oxyl.coursepfback.service.MapService -- 0 maps trouvées
]]></system-out>
  </testcase>
  <testcase name="updateMap_withInvalidColonne_shouldThrowValidationException" classname="com.oxyl.coursepfback.service.MapServiceTest" time="0.0">
    <system-out><![CDATA[09:38:14.371 [main] DEBUG com.oxyl.coursepfback.service.MapService -- Mise à jour de la map: com.oxyl.coursepfback.model.MapModel@6b474074
09:38:14.371 [main] ERROR com.oxyl.coursepfback.service.MapService -- Tentative de mise à jour du nombre de colonnes avec une valeur négative: -1
]]></system-out>
  </testcase>
  <testcase name="createMap_withNullMap_shouldThrowValidationException" classname="com.oxyl.coursepfback.service.MapServiceTest" time="0.017">
    <system-out><![CDATA[09:38:14.371 [main] DEBUG com.oxyl.coursepfback.service.MapService -- Création d'une nouvelle map: null
09:38:14.371 [main] ERROR com.oxyl.coursepfback.service.MapService -- Tentative de création d'une map null
]]></system-out>
  </testcase>
  <testcase name="deleteMap_withNullId_shouldThrowValidationException" classname="com.oxyl.coursepfback.service.MapServiceTest" time="0.007">
    <system-out><![CDATA[09:38:14.395 [main] DEBUG com.oxyl.coursepfback.service.MapService -- Suppression de la map avec l'id: null
09:38:14.395 [main] ERROR com.oxyl.coursepfback.service.MapService -- Tentative de suppression d'une map avec un id null
]]></system-out>
  </testcase>
  <testcase name="createMap_withInvalidColonne_shouldThrowValidationException" classname="com.oxyl.coursepfback.service.MapServiceTest" time="0.002">
    <system-out><![CDATA[09:38:14.399 [main] DEBUG com.oxyl.coursepfback.service.MapService -- Création d'une nouvelle map: com.oxyl.coursepfback.model.MapModel@2e140e59
09:38:14.399 [main] ERROR com.oxyl.coursepfback.service.MapService -- Tentative de création d'une map avec un nombre de colonnes négatif: -1
]]></system-out>
  </testcase>
  <testcase name="createMap_withInvalidLigne_shouldThrowValidationException" classname="com.oxyl.coursepfback.service.MapServiceTest" time="0.005">
    <system-out><![CDATA[09:38:14.408 [main] DEBUG com.oxyl.coursepfback.service.MapService -- Création d'une nouvelle map: com.oxyl.coursepfback.model.MapModel@26e412ef
09:38:14.408 [main] ERROR com.oxyl.coursepfback.service.MapService -- Tentative de création d'une map avec un nombre de lignes négatif: -1
]]></system-out>
  </testcase>
  <testcase name="getAllMaps_shouldReturnList" classname="com.oxyl.coursepfback.service.MapServiceTest" time="0.0">
    <system-out><![CDATA[09:38:14.408 [main] DEBUG com.oxyl.coursepfback.service.MapService -- Récupération de toutes les maps
09:38:14.408 [main] DEBUG com.oxyl.coursepfback.service.MapService -- 1 maps trouvées
]]></system-out>
  </testcase>
  <testcase name="updateMap_withNullCheminImage_shouldSucceed" classname="com.oxyl.coursepfback.service.MapServiceTest" time="0.014">
    <system-out><![CDATA[09:38:14.422 [main] DEBUG com.oxyl.coursepfback.service.MapService -- Mise à jour de la map: com.oxyl.coursepfback.model.MapModel@55f8669d
09:38:14.422 [main] INFO com.oxyl.coursepfback.service.MapService -- Map mise à jour avec succès: com.oxyl.coursepfback.model.MapModel@6be25526
]]></system-out>
  </testcase>
  <testcase name="createMap_shouldSucceed" classname="com.oxyl.coursepfback.service.MapServiceTest" time="0.0">
    <system-out><![CDATA[09:38:14.422 [main] DEBUG com.oxyl.coursepfback.service.MapService -- Création d'une nouvelle map: com.oxyl.coursepfback.model.MapModel@511505e7
09:38:14.422 [main] INFO com.oxyl.coursepfback.service.MapService -- Map créée avec succès: com.oxyl.coursepfback.model.MapModel@511505e7
]]></system-out>
  </testcase>
</testsuite>