<?xml version="1.0" encoding="UTF-8"?>
<testsuite xmlns:xsi="http://www.w3.org/2001/XMLSchema-instance" xsi:noNamespaceSchemaLocation="https://maven.apache.org/surefire/maven-surefire-plugin/xsd/surefire-test-report-3.0.xsd" version="3.0" name="com.oxyl.coursepfback.service.MapServiceTest" time="2.65" tests="29" errors="0" skipped="0" failures="0">
  <properties>
[...]
</properties>
  <testcase name="updateMap_withNullLigne_shouldSucceed" classname="com.oxyl.coursepfback.service.MapServiceTest" time="2.217">
    <system-out><![CDATA[20:11:17.330 [main] INFO com.oxyl.coursepfback.service.MapService -- Map mise à jour avec succès: com.oxyl.coursepfback.model.MapModel@7bde1f3a
]]></system-out>
    <system-err><![CDATA[WARNING: A Java agent has been loaded dynamically (C:\Users\melin\.m2\repository\net\bytebuddy\byte-buddy-agent\1.14.9\byte-buddy-agent-1.14.9.jar)
WARNING: If a serviceability tool is in use, please run with -XX:+EnableDynamicAgentLoading to hide this warning
WARNING: If a serviceability tool is not in use, please run with -Djdk.instrument.traceUsage for more information
WARNING: Dynamic loading of agents will be disallowed by default in a future release
]]></system-err>
  </testcase>
  <testcase name="updateMap_shouldSucceed" classname="com.oxyl.coursepfback.service.MapServiceTest" time="0.015">
    <system-out><![CDATA[20:11:17.388 [main] INFO com.oxyl.coursepfback.service.MapService -- Map mise à jour avec succès: com.oxyl.coursepfback.model.MapModel@16a9a4f1
]]></system-out>
  </testcase>
  <testcase name="getMap_withNonExistentId_shouldThrowNotFoundException" classname="com.oxyl.coursepfback.service.MapServiceTest" time="0.022">
    <system-out><![CDATA[20:11:17.407 [main] DEBUG com.oxyl.coursepfback.service.MapService -- Récupération de la map avec l'id: 1
20:11:17.408 [main] ERROR com.oxyl.coursepfback.service.MapService -- Map non trouvée avec l'id: 1
]]></system-out>
  </testcase>
  <testcase name="updateMap_withInvalidDimensions_shouldThrowValidationException" classname="com.oxyl.coursepfback.service.MapServiceTest" time="0.011">
    <system-out><![CDATA[20:11:17.419 [main] ERROR com.oxyl.coursepfback.service.MapService -- Tentative de mise à jour d'une map avec un nombre de lignes invalide: 0
20:11:17.423 [main] ERROR com.oxyl.coursepfback.service.MapService -- Tentative de mise à jour d'une map avec un nombre de colonnes invalide: 0
]]></system-out>
  </testcase>
  <testcase name="updateMap_withInvalidLigne_shouldThrowValidationException" classname="com.oxyl.coursepfback.service.MapServiceTest" time="0.005">
    <system-out><![CDATA[20:11:17.435 [main] ERROR com.oxyl.coursepfback.service.MapService -- Tentative de mise à jour d'une map avec un nombre de lignes invalide: -1
]]></system-out>
  </testcase>
  <testcase name="deleteMap_withZombies_shouldDeleteZombies" classname="com.oxyl.coursepfback.service.MapServiceTest" time="0.02">
    <system-out><![CDATA[20:11:17.455 [main] DEBUG com.oxyl.coursepfback.service.MapService -- Suppression de la map avec l'id: 1
20:11:17.455 [main] INFO com.oxyl.coursepfback.service.MapService -- Map supprimée avec succès: com.oxyl.coursepfback.model.MapModel@1eaf1e62
]]></system-out>
  </testcase>
  <testcase name="createMap_withInvalidDimensions_shouldThrowValidationException" classname="com.oxyl.coursepfback.service.MapServiceTest" time="0.014">
    <system-out><![CDATA[20:11:17.455 [main] DEBUG com.oxyl.coursepfback.service.MapService -- Création d'une nouvelle map: com.oxyl.coursepfback.model.MapModel@320494b6
20:11:17.455 [main] ERROR com.oxyl.coursepfback.service.MapService -- Tentative de création d'une map avec un nombre de lignes négatif: 0
20:11:17.469 [main] DEBUG com.oxyl.coursepfback.service.MapService -- Création d'une nouvelle map: com.oxyl.coursepfback.model.MapModel@320494b6
20:11:17.469 [main] ERROR com.oxyl.coursepfback.service.MapService -- Tentative de création d'une map avec un nombre de colonnes négatif: 0
]]></system-out>
  </testcase>
  <testcase name="updateMap_withAllNullValues_shouldSucceed" classname="com.oxyl.coursepfback.service.MapServiceTest" time="0.016">
    <system-out><![CDATA[20:11:17.469 [main] INFO com.oxyl.coursepfback.service.MapService -- Map mise à jour avec succès: com.oxyl.coursepfback.model.MapModel@1eb6e1c
]]></system-out>
  </testcase>
  <testcase name="deleteMap_shouldSucceed" classname="com.oxyl.coursepfback.service.MapServiceTest" time="0.016">
    <system-out><![CDATA[20:11:17.485 [main] DEBUG com.oxyl.coursepfback.service.MapService -- Suppression de la map avec l'id: 1
20:11:17.485 [main] INFO com.oxyl.coursepfback.service.MapService -- Map supprimée avec succès: com.oxyl.coursepfback.model.MapModel@3c0036b
]]></system-out>
  </testcase>
  <testcase name="getMap_shouldReturnMap" classname="com.oxyl.coursepfback.service.MapServiceTest" time="0.0">
    <system-out><![CDATA[20:11:17.502 [main] DEBUG com.oxyl.coursepfback.service.MapService -- Récupération de la map avec l'id: 1
20:11:17.502 [main] DEBUG com.oxyl.coursepfback.service.MapService -- Map trouvée: com.oxyl.coursepfback.model.MapModel@522ba524
]]></system-out>
  </testcase>
  <testcase name="updateMap_withNonExistentId_shouldThrowNotFoundException" classname="com.oxyl.coursepfback.service.MapServiceTest" time="0.022">
    <system-out><![CDATA[20:11:17.523 [main] ERROR com.oxyl.coursepfback.service.MapService -- Tentative de mise à jour d'une map inexistante avec l'id: 1
]]></system-out>
  </testcase>
  <testcase name="deleteMap_withMultipleZombies_shouldDeleteAllZombies" classname="com.oxyl.coursepfback.service.MapServiceTest" time="0.012">
    <system-out><![CDATA[20:11:17.536 [main] DEBUG com.oxyl.coursepfback.service.MapService -- Suppression de la map avec l'id: 1
20:11:17.536 [main] INFO com.oxyl.coursepfback.service.MapService -- Map supprimée avec succès: com.oxyl.coursepfback.model.MapModel@77d18d0b
]]></system-out>
  </testcase>
  <testcase name="updateMap_withInvalidCheminImage_shouldThrowValidationException" classname="com.oxyl.coursepfback.service.MapServiceTest" time="0.017">
    <system-out><![CDATA[20:11:17.552 [main] ERROR com.oxyl.coursepfback.service.MapService -- Tentative de mise à jour d'une map avec un chemin d'image vide
]]></system-out>
  </testcase>
  <testcase name="updateMap_withNullMap_shouldThrowValidationException" classname="com.oxyl.coursepfback.service.MapServiceTest" time="0.006">
    <system-out><![CDATA[20:11:17.558 [main] ERROR com.oxyl.coursepfback.service.MapService -- Tentative de mise à jour d'une map null
]]></system-out>
  </testcase>
  <testcase name="updateMap_withNullColonne_shouldSucceed" classname="com.oxyl.coursepfback.service.MapServiceTest" time="0.009">
    <system-out><![CDATA[20:11:17.569 [main] INFO com.oxyl.coursepfback.service.MapService -- Map mise à jour avec succès: com.oxyl.coursepfback.model.MapModel@54f66455
]]></system-out>
  </testcase>
  <testcase name="createMap_withNullCheminImage_shouldThrowValidationException" classname="com.oxyl.coursepfback.service.MapServiceTest" time="0.0">
    <system-out><![CDATA[20:11:17.569 [main] DEBUG com.oxyl.coursepfback.service.MapService -- Création d'une nouvelle map: com.oxyl.coursepfback.model.MapModel@5cd61783
20:11:17.569 [main] ERROR com.oxyl.coursepfback.service.MapService -- Tentative de création d'une map avec un chemin d'image vide
]]></system-out>
  </testcase>
  <testcase name="updateMap_withEmptyCheminImage_shouldThrowValidationException" classname="com.oxyl.coursepfback.service.MapServiceTest" time="0.017">
    <system-out><![CDATA[20:11:17.586 [main] ERROR com.oxyl.coursepfback.service.MapService -- Tentative de mise à jour d'une map avec un chemin d'image vide
]]></system-out>
  </testcase>
  <testcase name="createMap_withEmptyCheminImage_shouldThrowValidationException" classname="com.oxyl.coursepfback.service.MapServiceTest" time="0.0">
    <system-out><![CDATA[20:11:17.586 [main] DEBUG com.oxyl.coursepfback.service.MapService -- Création d'une nouvelle map: com.oxyl.coursepfback.model.MapModel@588cd519
20:11:17.586 [main] ERROR com.oxyl.coursepfback.service.MapService -- Tentative de création d'une map avec un chemin d'image vide
]]></system-out>
  </testcase>
  <testcase name="deleteMap_withNonExistentId_shouldThrowNotFoundException" classname="com.oxyl.coursepfback.service.MapServiceTest" time="0.016">
    <system-out><![CDATA[20:11:17.602 [main] DEBUG com.oxyl.coursepfback.service.MapService -- Suppression de la map avec l'id: 1
20:11:17.602 [main] ERROR com.oxyl.coursepfback.service.MapService -- Tentative de suppression d'une map inexistante avec l'id: 1
]]></system-out>
  </testcase>
  <testcase name="getMap_withNullId_shouldThrowValidationException" classname="com.oxyl.coursepfback.service.MapServiceTest" time="0.0">
    <system-out><![CDATA[20:11:17.602 [main] DEBUG com.oxyl.coursepfback.service.MapService -- Récupération de la map avec l'id: null
20:11:17.602 [main] ERROR com.oxyl.coursepfback.service.MapService -- Tentative de récupération d'une map avec un id null
]]></system-out>
  </testcase>
  <testcase name="getAllMaps_withEmptyList_shouldReturnEmptyList" classname="com.oxyl.coursepfback.service.MapServiceTest" time="0.018">
    <system-out><![CDATA[20:11:17.620 [main] DEBUG com.oxyl.coursepfback.service.MapService -- Récupération de toutes les maps
20:11:17.620 [main] DEBUG com.oxyl.coursepfback.service.MapService -- 0 maps trouvées
]]></system-out>
  </testcase>
  <testcase name="updateMap_withInvalidColonne_shouldThrowValidationException" classname="com.oxyl.coursepfback.service.MapServiceTest" time="0.016">
    <system-out><![CDATA[20:11:17.635 [main] ERROR com.oxyl.coursepfback.service.MapService -- Tentative de mise à jour d'une map avec un nombre de colonnes invalide: -1
]]></system-out>
  </testcase>
  <testcase name="createMap_withNullMap_shouldThrowValidationException" classname="com.oxyl.coursepfback.service.MapServiceTest" time="0.0">
    <system-out><![CDATA[20:11:17.636 [main] DEBUG com.oxyl.coursepfback.service.MapService -- Création d'une nouvelle map: null
20:11:17.636 [main] ERROR com.oxyl.coursepfback.service.MapService -- Tentative de création d'une map null
]]></system-out>
  </testcase>
  <testcase name="deleteMap_withNullId_shouldThrowValidationException" classname="com.oxyl.coursepfback.service.MapServiceTest" time="0.0">
    <system-out><![CDATA[20:11:17.636 [main] DEBUG com.oxyl.coursepfback.service.MapService -- Suppression de la map avec l'id: null
20:11:17.636 [main] ERROR com.oxyl.coursepfback.service.MapService -- Tentative de suppression d'une map avec un id null
]]></system-out>
  </testcase>
  <testcase name="createMap_withInvalidColonne_shouldThrowValidationException" classname="com.oxyl.coursepfback.service.MapServiceTest" time="0.0">
    <system-out><![CDATA[20:11:17.652 [main] DEBUG com.oxyl.coursepfback.service.MapService -- Création d'une nouvelle map: com.oxyl.coursepfback.model.MapModel@5af97169
20:11:17.652 [main] ERROR com.oxyl.coursepfback.service.MapService -- Tentative de création d'une map avec un nombre de colonnes négatif: -1
]]></system-out>
  </testcase>
  <testcase name="createMap_withInvalidLigne_shouldThrowValidationException" classname="com.oxyl.coursepfback.service.MapServiceTest" time="0.017">
    <system-out><![CDATA[20:11:17.652 [main] DEBUG com.oxyl.coursepfback.service.MapService -- Création d'une nouvelle map: com.oxyl.coursepfback.model.MapModel@2a22ad2b
20:11:17.652 [main] ERROR com.oxyl.coursepfback.service.MapService -- Tentative de création d'une map avec un nombre de lignes négatif: -1
]]></system-out>
  </testcase>
  <testcase name="getAllMaps_shouldReturnList" classname="com.oxyl.coursepfback.service.MapServiceTest" time="0.0">
    <system-out><![CDATA[20:11:17.669 [main] DEBUG com.oxyl.coursepfback.service.MapService -- Récupération de toutes les maps
20:11:17.669 [main] DEBUG com.oxyl.coursepfback.service.MapService -- 1 maps trouvées
]]></system-out>
  </testcase>
  <testcase name="updateMap_withNullCheminImage_shouldSucceed" classname="com.oxyl.coursepfback.service.MapServiceTest" time="0.018">
    <system-out><![CDATA[20:11:17.685 [main] INFO com.oxyl.coursepfback.service.MapService -- Map mise à jour avec succès: com.oxyl.coursepfback.model.MapModel@49798e84
]]></system-out>
  </testcase>
  <testcase name="createMap_shouldSucceed" classname="com.oxyl.coursepfback.service.MapServiceTest" time="0.007">
    <system-out><![CDATA[20:11:17.692 [main] DEBUG com.oxyl.coursepfback.service.MapService -- Création d'une nouvelle map: com.oxyl.coursepfback.model.MapModel@39109136
20:11:17.694 [main] INFO com.oxyl.coursepfback.service.MapService -- Map créée avec succès: com.oxyl.coursepfback.model.MapModel@39109136
]]></system-out>
  </testcase>
</testsuite>