<?xml version="1.0" encoding="UTF-8"?>
<testsuite xmlns:xsi="http://www.w3.org/2001/XMLSchema-instance" xsi:noNamespaceSchemaLocation="https://maven.apache.org/surefire/maven-surefire-plugin/xsd/surefire-test-report-3.0.xsd" version="3.0" name="com.oxyl.coursepfback.service.PlanteServiceTest" time="0.307" tests="45" errors="0" skipped="0" failures="0">
  <properties>
[...]
</properties>
  <testcase name="updatePlante_withNullValues_shouldKeepExistingValues" classname="com.oxyl.coursepfback.service.PlanteServiceTest" time="0.05">
    <system-out><![CDATA[15:23:27.261 [main] INFO com.oxyl.coursepfback.service.PlanteService -- Plante mise à jour avec succès: com.oxyl.coursepfback.model.PlanteModel@7ab4ae59
]]></system-out>
  </testcase>
  <testcase name="updatePlante_withInvalidAttaqueParSeconde_shouldThrowValidationException" classname="com.oxyl.coursepfback.service.PlanteServiceTest" time="0.0">
    <system-out><![CDATA[15:23:27.261 [main] ERROR com.oxyl.coursepfback.service.PlanteService -- Tentative de mise à jour d'une plante avec une attaque par seconde invalide: -1.0
]]></system-out>
  </testcase>
  <testcase name="getAllPlantes_shouldReturnList" classname="com.oxyl.coursepfback.service.PlanteServiceTest" time="0.0">
    <system-out><![CDATA[15:23:27.261 [main] DEBUG com.oxyl.coursepfback.service.PlanteService -- Récupération de toutes les plantes
15:23:27.261 [main] DEBUG com.oxyl.coursepfback.service.PlanteService -- 1 plantes trouvées
]]></system-out>
  </testcase>
  <testcase name="getPlante_withNonExistentId_shouldThrowNotFoundException" classname="com.oxyl.coursepfback.service.PlanteServiceTest" time="0.017">
    <system-out><![CDATA[15:23:27.278 [main] DEBUG com.oxyl.coursepfback.service.PlanteService -- Récupération de la plante avec l'id: 1
15:23:27.278 [main] ERROR com.oxyl.coursepfback.service.PlanteService -- Plante non trouvée avec l'id: 1
]]></system-out>
  </testcase>
  <testcase name="createPlante_withMaxDegatAttaque_shouldSucceed" classname="com.oxyl.coursepfback.service.PlanteServiceTest" time="0.0">
    <system-out><![CDATA[15:23:27.278 [main] DEBUG com.oxyl.coursepfback.service.PlanteService -- Création d'une nouvelle plante: com.oxyl.coursepfback.model.PlanteModel@4397a639
15:23:27.278 [main] INFO com.oxyl.coursepfback.service.PlanteService -- Plante créée avec succès: com.oxyl.coursepfback.model.PlanteModel@4397a639
]]></system-out>
  </testcase>
  <testcase name="updatePlante_withInvalidDegatAttaque_shouldThrowValidationException" classname="com.oxyl.coursepfback.service.PlanteServiceTest" time="0.0">
    <system-out><![CDATA[15:23:27.278 [main] ERROR com.oxyl.coursepfback.service.PlanteService -- Tentative de mise à jour d'une plante avec des dégâts d'attaque invalides: -10
]]></system-out>
  </testcase>
  <testcase name="updatePlante_withEmptyCheminImage_shouldThrowValidationException" classname="com.oxyl.coursepfback.service.PlanteServiceTest" time="0.018">
    <system-out><![CDATA[15:23:27.295 [main] ERROR com.oxyl.coursepfback.service.PlanteService -- Tentative de mise à jour d'une plante avec un chemin d'image vide
]]></system-out>
  </testcase>
  <testcase name="updatePlante_withNullPlante_shouldThrowValidationException" classname="com.oxyl.coursepfback.service.PlanteServiceTest" time="0.004">
    <system-out><![CDATA[15:23:27.298 [main] ERROR com.oxyl.coursepfback.service.PlanteService -- Tentative de mise à jour d'une plante null
]]></system-out>
  </testcase>
  <testcase name="createPlante_withZeroDegatAttaque_shouldSucceed" classname="com.oxyl.coursepfback.service.PlanteServiceTest" time="0.0">
    <system-out><![CDATA[15:23:27.302 [main] DEBUG com.oxyl.coursepfback.service.PlanteService -- Création d'une nouvelle plante: com.oxyl.coursepfback.model.PlanteModel@6a87026
15:23:27.302 [main] INFO com.oxyl.coursepfback.service.PlanteService -- Plante créée avec succès: com.oxyl.coursepfback.model.PlanteModel@6a87026
]]></system-out>
  </testcase>
  <testcase name="createPlante_withInvalidSoleilParSeconde_shouldThrowValidationException" classname="com.oxyl.coursepfback.service.PlanteServiceTest" time="0.009">
    <system-out><![CDATA[15:23:27.310 [main] DEBUG com.oxyl.coursepfback.service.PlanteService -- Création d'une nouvelle plante: com.oxyl.coursepfback.model.PlanteModel@5e1fc42f
15:23:27.310 [main] ERROR com.oxyl.coursepfback.service.PlanteService -- Tentative de création d'une plante avec un soleil par seconde négatif: -1.0
]]></system-out>
  </testcase>
  <testcase name="updatePlante_withEmptyValues_shouldThrowValidationException" classname="com.oxyl.coursepfback.service.PlanteServiceTest" time="0.004">
    <system-out><![CDATA[15:23:27.315 [main] ERROR com.oxyl.coursepfback.service.PlanteService -- Tentative de mise à jour d'une plante avec un nom vide
15:23:27.316 [main] ERROR com.oxyl.coursepfback.service.PlanteService -- Tentative de mise à jour d'une plante avec un effet vide
15:23:27.316 [main] ERROR com.oxyl.coursepfback.service.PlanteService -- Tentative de mise à jour d'une plante avec un chemin d'image vide
]]></system-out>
  </testcase>
  <testcase name="createPlante_withNullCheminImage_shouldThrowValidationException" classname="com.oxyl.coursepfback.service.PlanteServiceTest" time="0.0">
    <system-out><![CDATA[15:23:27.316 [main] DEBUG com.oxyl.coursepfback.service.PlanteService -- Création d'une nouvelle plante: com.oxyl.coursepfback.model.PlanteModel@4d499d65
15:23:27.316 [main] ERROR com.oxyl.coursepfback.service.PlanteService -- Tentative de création d'une plante avec un chemin d'image vide
]]></system-out>
  </testcase>
  <testcase name="createPlante_withEmptyEffet_shouldThrowValidationException" classname="com.oxyl.coursepfback.service.PlanteServiceTest" time="0.012">
    <system-out><![CDATA[15:23:27.327 [main] DEBUG com.oxyl.coursepfback.service.PlanteService -- Création d'une nouvelle plante: com.oxyl.coursepfback.model.PlanteModel@4b0b64cc
15:23:27.327 [main] ERROR com.oxyl.coursepfback.service.PlanteService -- Tentative de création d'une plante avec un effet vide
]]></system-out>
  </testcase>
  <testcase name="createPlante_withEmptyNom_shouldThrowValidationException" classname="com.oxyl.coursepfback.service.PlanteServiceTest" time="0.002">
    <system-out><![CDATA[15:23:27.331 [main] DEBUG com.oxyl.coursepfback.service.PlanteService -- Création d'une nouvelle plante: com.oxyl.coursepfback.model.PlanteModel@7add838c
15:23:27.331 [main] ERROR com.oxyl.coursepfback.service.PlanteService -- Tentative de création d'une plante avec un nom vide
]]></system-out>
  </testcase>
  <testcase name="deletePlante_shouldSucceed" classname="com.oxyl.coursepfback.service.PlanteServiceTest" time="0.0">
    <system-out><![CDATA[15:23:27.331 [main] DEBUG com.oxyl.coursepfback.service.PlanteService -- Suppression de la plante avec l'id: 1
15:23:27.331 [main] INFO com.oxyl.coursepfback.service.PlanteService -- Plante supprimée avec succès: com.oxyl.coursepfback.model.PlanteModel@7ad1caa2
]]></system-out>
  </testcase>
  <testcase name="updatePlante_withNegativeValues_shouldThrowValidationException" classname="com.oxyl.coursepfback.service.PlanteServiceTest" time="0.016">
    <system-out><![CDATA[15:23:27.344 [main] ERROR com.oxyl.coursepfback.service.PlanteService -- Tentative de mise à jour d'une plante avec des points de vie invalides: -1
15:23:27.345 [main] ERROR com.oxyl.coursepfback.service.PlanteService -- Tentative de mise à jour d'une plante avec une attaque par seconde invalide: -1.0
15:23:27.346 [main] ERROR com.oxyl.coursepfback.service.PlanteService -- Tentative de mise à jour d'une plante avec des dégâts d'attaque invalides: -10
15:23:27.347 [main] ERROR com.oxyl.coursepfback.service.PlanteService -- Tentative de mise à jour d'une plante avec un coût invalide
15:23:27.347 [main] ERROR com.oxyl.coursepfback.service.PlanteService -- Tentative de mise à jour d'une plante avec un soleil par seconde invalide
]]></system-out>
  </testcase>
  <testcase name="createPlante_withNullNom_shouldThrowValidationException" classname="com.oxyl.coursepfback.service.PlanteServiceTest" time="0.0">
    <system-out><![CDATA[15:23:27.347 [main] DEBUG com.oxyl.coursepfback.service.PlanteService -- Création d'une nouvelle plante: com.oxyl.coursepfback.model.PlanteModel@95eb320
15:23:27.347 [main] ERROR com.oxyl.coursepfback.service.PlanteService -- Tentative de création d'une plante avec un nom vide
]]></system-out>
  </testcase>
  <testcase name="createPlante_withNegativeValues_shouldThrowValidationException" classname="com.oxyl.coursepfback.service.PlanteServiceTest" time="0.016">
    <system-out><![CDATA[15:23:27.347 [main] DEBUG com.oxyl.coursepfback.service.PlanteService -- Création d'une nouvelle plante: com.oxyl.coursepfback.model.PlanteModel@4730e0f0
15:23:27.347 [main] ERROR com.oxyl.coursepfback.service.PlanteService -- Tentative de création d'une plante avec des points de vie négatifs: -1
15:23:27.347 [main] DEBUG com.oxyl.coursepfback.service.PlanteService -- Création d'une nouvelle plante: com.oxyl.coursepfback.model.PlanteModel@4730e0f0
15:23:27.347 [main] ERROR com.oxyl.coursepfback.service.PlanteService -- Tentative de création d'une plante avec une attaque par seconde négative: -1.0
15:23:27.347 [main] DEBUG com.oxyl.coursepfback.service.PlanteService -- Création d'une nouvelle plante: com.oxyl.coursepfback.model.PlanteModel@4730e0f0
15:23:27.347 [main] ERROR com.oxyl.coursepfback.service.PlanteService -- Tentative de création d'une plante avec des dégâts d'attaque négatifs: -10
15:23:27.360 [main] DEBUG com.oxyl.coursepfback.service.PlanteService -- Création d'une nouvelle plante: com.oxyl.coursepfback.model.PlanteModel@4730e0f0
15:23:27.360 [main] ERROR com.oxyl.coursepfback.service.PlanteService -- Tentative de création d'une plante avec un coût négatif: -50
15:23:27.361 [main] DEBUG com.oxyl.coursepfback.service.PlanteService -- Création d'une nouvelle plante: com.oxyl.coursepfback.model.PlanteModel@4730e0f0
15:23:27.361 [main] ERROR com.oxyl.coursepfback.service.PlanteService -- Tentative de création d'une plante avec un soleil par seconde négatif: -1.0
]]></system-out>
  </testcase>
  <testcase name="updatePlante_withInvalidCout_shouldThrowValidationException" classname="com.oxyl.coursepfback.service.PlanteServiceTest" time="0.006">
    <system-out><![CDATA[15:23:27.368 [main] ERROR com.oxyl.coursepfback.service.PlanteService -- Tentative de mise à jour d'une plante avec un coût invalide
]]></system-out>
  </testcase>
  <testcase name="createPlante_withMaxPointsDeVie_shouldSucceed" classname="com.oxyl.coursepfback.service.PlanteServiceTest" time="0.004">
    <system-out><![CDATA[15:23:27.373 [main] DEBUG com.oxyl.coursepfback.service.PlanteService -- Création d'une nouvelle plante: com.oxyl.coursepfback.model.PlanteModel@48f4713c
15:23:27.373 [main] INFO com.oxyl.coursepfback.service.PlanteService -- Plante créée avec succès: com.oxyl.coursepfback.model.PlanteModel@48f4713c
]]></system-out>
  </testcase>
  <testcase name="updatePlante_withZeroDegatAttaque_shouldSucceed" classname="com.oxyl.coursepfback.service.PlanteServiceTest" time="0.007">
    <system-out><![CDATA[15:23:27.381 [main] INFO com.oxyl.coursepfback.service.PlanteService -- Plante mise à jour avec succès: com.oxyl.coursepfback.model.PlanteModel@43a09ce2
]]></system-out>
  </testcase>
  <testcase name="createPlante_withInvalidCout_shouldThrowValidationException" classname="com.oxyl.coursepfback.service.PlanteServiceTest" time="0.006">
    <system-out><![CDATA[15:23:27.387 [main] DEBUG com.oxyl.coursepfback.service.PlanteService -- Création d'une nouvelle plante: com.oxyl.coursepfback.model.PlanteModel@5a50d9fc
15:23:27.388 [main] ERROR com.oxyl.coursepfback.service.PlanteService -- Tentative de création d'une plante avec un coût négatif: -50
]]></system-out>
  </testcase>
  <testcase name="createPlante_withNullEffet_shouldThrowValidationException" classname="com.oxyl.coursepfback.service.PlanteServiceTest" time="0.004">
    <system-out><![CDATA[15:23:27.394 [main] DEBUG com.oxyl.coursepfback.service.PlanteService -- Création d'une nouvelle plante: com.oxyl.coursepfback.model.PlanteModel@767f6ee7
15:23:27.394 [main] ERROR com.oxyl.coursepfback.service.PlanteService -- Tentative de création d'une plante avec un effet vide
]]></system-out>
  </testcase>
  <testcase name="getPlante_shouldReturnPlante" classname="com.oxyl.coursepfback.service.PlanteServiceTest" time="0.003">
    <system-out><![CDATA[15:23:27.397 [main] DEBUG com.oxyl.coursepfback.service.PlanteService -- Récupération de la plante avec l'id: 1
15:23:27.398 [main] DEBUG com.oxyl.coursepfback.service.PlanteService -- Plante trouvée: com.oxyl.coursepfback.model.PlanteModel@370c1968
]]></system-out>
  </testcase>
  <testcase name="updatePlante_withNullCheminImage_shouldSucceed" classname="com.oxyl.coursepfback.service.PlanteServiceTest" time="0.003">
    <system-out><![CDATA[15:23:27.402 [main] INFO com.oxyl.coursepfback.service.PlanteService -- Plante mise à jour avec succès: com.oxyl.coursepfback.model.PlanteModel@65e0b505
]]></system-out>
  </testcase>
  <testcase name="createPlante_withNullPlante_shouldThrowValidationException" classname="com.oxyl.coursepfback.service.PlanteServiceTest" time="0.008">
    <system-out><![CDATA[15:23:27.402 [main] DEBUG com.oxyl.coursepfback.service.PlanteService -- Création d'une nouvelle plante: null
15:23:27.402 [main] ERROR com.oxyl.coursepfback.service.PlanteService -- Tentative de création d'une plante null
]]></system-out>
  </testcase>
  <testcase name="updatePlante_withNullEffet_shouldSucceed" classname="com.oxyl.coursepfback.service.PlanteServiceTest" time="0.0">
    <system-out><![CDATA[15:23:27.411 [main] INFO com.oxyl.coursepfback.service.PlanteService -- Plante mise à jour avec succès: com.oxyl.coursepfback.model.PlanteModel@63cd2cd2
]]></system-out>
  </testcase>
  <testcase name="createPlante_withMaxCout_shouldSucceed" classname="com.oxyl.coursepfback.service.PlanteServiceTest" time="0.0">
    <system-out><![CDATA[15:23:27.411 [main] DEBUG com.oxyl.coursepfback.service.PlanteService -- Création d'une nouvelle plante: com.oxyl.coursepfback.model.PlanteModel@423c5404
15:23:27.411 [main] INFO com.oxyl.coursepfback.service.PlanteService -- Plante créée avec succès: com.oxyl.coursepfback.model.PlanteModel@423c5404
]]></system-out>
  </testcase>
  <testcase name="getAllPlantes_withEmptyList_shouldReturnEmptyList" classname="com.oxyl.coursepfback.service.PlanteServiceTest" time="0.0">
    <system-out><![CDATA[15:23:27.411 [main] DEBUG com.oxyl.coursepfback.service.PlanteService -- Récupération de toutes les plantes
15:23:27.411 [main] DEBUG com.oxyl.coursepfback.service.PlanteService -- 0 plantes trouvées
]]></system-out>
  </testcase>
  <testcase name="updatePlante_withNullNom_shouldSucceed" classname="com.oxyl.coursepfback.service.PlanteServiceTest" time="0.017">
    <system-out><![CDATA[15:23:27.428 [main] INFO com.oxyl.coursepfback.service.PlanteService -- Plante mise à jour avec succès: com.oxyl.coursepfback.model.PlanteModel@d5556bf
]]></system-out>
  </testcase>
  <testcase name="updatePlante_withInvalidSoleilParSeconde_shouldThrowValidationException" classname="com.oxyl.coursepfback.service.PlanteServiceTest" time="0.0">
    <system-out><![CDATA[15:23:27.428 [main] ERROR com.oxyl.coursepfback.service.PlanteService -- Tentative de mise à jour d'une plante avec un soleil par seconde invalide
]]></system-out>
  </testcase>
  <testcase name="updatePlante_withPartialUpdate_shouldUpdateOnlySpecifiedFields" classname="com.oxyl.coursepfback.service.PlanteServiceTest" time="0.0">
    <system-out><![CDATA[15:23:27.428 [main] INFO com.oxyl.coursepfback.service.PlanteService -- Plante mise à jour avec succès: com.oxyl.coursepfback.model.PlanteModel@6add8e3f
]]></system-out>
  </testcase>
  <testcase name="createPlante_withInvalidDegatAttaque_shouldThrowValidationException" classname="com.oxyl.coursepfback.service.PlanteServiceTest" time="0.0">
    <system-out><![CDATA[15:23:27.428 [main] DEBUG com.oxyl.coursepfback.service.PlanteService -- Création d'une nouvelle plante: com.oxyl.coursepfback.model.PlanteModel@59b65dce
15:23:27.428 [main] ERROR com.oxyl.coursepfback.service.PlanteService -- Tentative de création d'une plante avec des dégâts d'attaque négatifs: -10
]]></system-out>
  </testcase>
  <testcase name="updatePlante_withEmptyEffet_shouldThrowValidationException" classname="com.oxyl.coursepfback.service.PlanteServiceTest" time="0.001">
    <system-out><![CDATA[15:23:27.445 [main] ERROR com.oxyl.coursepfback.service.PlanteService -- Tentative de mise à jour d'une plante avec un effet vide
]]></system-out>
  </testcase>
  <testcase name="createPlante_withMaxAttaqueParSeconde_shouldSucceed" classname="com.oxyl.coursepfback.service.PlanteServiceTest" time="0.0">
    <system-out><![CDATA[15:23:27.445 [main] DEBUG com.oxyl.coursepfback.service.PlanteService -- Création d'une nouvelle plante: com.oxyl.coursepfback.model.PlanteModel@29fa6b65
15:23:27.445 [main] INFO com.oxyl.coursepfback.service.PlanteService -- Plante créée avec succès: com.oxyl.coursepfback.model.PlanteModel@29fa6b65
]]></system-out>
  </testcase>
  <testcase name="deletePlante_withNullId_shouldThrowValidationException" classname="com.oxyl.coursepfback.service.PlanteServiceTest" time="0.0">
    <system-out><![CDATA[15:23:27.445 [main] DEBUG com.oxyl.coursepfback.service.PlanteService -- Suppression de la plante avec l'id: null
15:23:27.445 [main] ERROR com.oxyl.coursepfback.service.PlanteService -- Tentative de suppression d'une plante avec un id null
]]></system-out>
  </testcase>
  <testcase name="createPlante_withMaxSoleilParSeconde_shouldSucceed" classname="com.oxyl.coursepfback.service.PlanteServiceTest" time="0.017">
    <system-out><![CDATA[15:23:27.460 [main] DEBUG com.oxyl.coursepfback.service.PlanteService -- Création d'une nouvelle plante: com.oxyl.coursepfback.model.PlanteModel@2440022a
15:23:27.461 [main] INFO com.oxyl.coursepfback.service.PlanteService -- Plante créée avec succès: com.oxyl.coursepfback.model.PlanteModel@2440022a
]]></system-out>
  </testcase>
  <testcase name="updatePlante_withEmptyNom_shouldThrowValidationException" classname="com.oxyl.coursepfback.service.PlanteServiceTest" time="0.002">
    <system-out><![CDATA[15:23:27.464 [main] ERROR com.oxyl.coursepfback.service.PlanteService -- Tentative de mise à jour d'une plante avec un nom vide
]]></system-out>
  </testcase>
  <testcase name="createPlante_withInvalidAttaqueParSeconde_shouldThrowValidationException" classname="com.oxyl.coursepfback.service.PlanteServiceTest" time="0.014">
    <system-out><![CDATA[15:23:27.477 [main] DEBUG com.oxyl.coursepfback.service.PlanteService -- Création d'une nouvelle plante: com.oxyl.coursepfback.model.PlanteModel@672a1c62
15:23:27.477 [main] ERROR com.oxyl.coursepfback.service.PlanteService -- Tentative de création d'une plante avec une attaque par seconde négative: -1.0
]]></system-out>
  </testcase>
  <testcase name="createPlante_shouldSucceed" classname="com.oxyl.coursepfback.service.PlanteServiceTest" time="0.004">
    <system-out><![CDATA[15:23:27.481 [main] DEBUG com.oxyl.coursepfback.service.PlanteService -- Création d'une nouvelle plante: com.oxyl.coursepfback.model.PlanteModel@6015a4a5
15:23:27.482 [main] INFO com.oxyl.coursepfback.service.PlanteService -- Plante créée avec succès: com.oxyl.coursepfback.model.PlanteModel@6015a4a5
]]></system-out>
  </testcase>
  <testcase name="getPlante_withNullId_shouldThrowValidationException" classname="com.oxyl.coursepfback.service.PlanteServiceTest" time="0.005">
    <system-out><![CDATA[15:23:27.486 [main] DEBUG com.oxyl.coursepfback.service.PlanteService -- Récupération de la plante avec l'id: null
15:23:27.487 [main] ERROR com.oxyl.coursepfback.service.PlanteService -- Tentative de récupération d'une plante avec un id null
]]></system-out>
  </testcase>
  <testcase name="updatePlante_withNonExistentId_shouldThrowNotFoundException" classname="com.oxyl.coursepfback.service.PlanteServiceTest" time="0.009">
    <system-out><![CDATA[15:23:27.495 [main] ERROR com.oxyl.coursepfback.service.PlanteService -- Tentative de mise à jour d'une plante inexistante avec l'id: 1
]]></system-out>
  </testcase>
  <testcase name="deletePlante_withNonExistentId_shouldThrowNotFoundException" classname="com.oxyl.coursepfback.service.PlanteServiceTest" time="0.005">
    <system-out><![CDATA[15:23:27.501 [main] DEBUG com.oxyl.coursepfback.service.PlanteService -- Suppression de la plante avec l'id: 1
15:23:27.501 [main] ERROR com.oxyl.coursepfback.service.PlanteService -- Tentative de suppression d'une plante inexistante avec l'id: 1
]]></system-out>
  </testcase>
  <testcase name="createPlante_withInvalidPointsDeVie_shouldThrowValidationException" classname="com.oxyl.coursepfback.service.PlanteServiceTest" time="0.002">
    <system-out><![CDATA[15:23:27.504 [main] DEBUG com.oxyl.coursepfback.service.PlanteService -- Création d'une nouvelle plante: com.oxyl.coursepfback.model.PlanteModel@43c87306
15:23:27.504 [main] ERROR com.oxyl.coursepfback.service.PlanteService -- Tentative de création d'une plante avec des points de vie négatifs: -1
]]></system-out>
  </testcase>
  <testcase name="updatePlante_shouldSucceed" classname="com.oxyl.coursepfback.service.PlanteServiceTest" time="0.011">
    <system-out><![CDATA[15:23:27.515 [main] INFO com.oxyl.coursepfback.service.PlanteService -- Plante mise à jour avec succès: com.oxyl.coursepfback.model.PlanteModel@6dab01d9
]]></system-out>
  </testcase>
</testsuite>