<?xml version="1.0" encoding="UTF-8"?>
<testsuite xmlns:xsi="http://www.w3.org/2001/XMLSchema-instance" xsi:noNamespaceSchemaLocation="https://maven.apache.org/surefire/maven-surefire-plugin/xsd/surefire-test-report-3.0.xsd" version="3.0" name="com.oxyl.coursepfback.service.ZombieServiceTest" time="0.371" tests="44" errors="0" skipped="0" failures="0">
  <properties>
[...]
</properties>
  <testcase name="createZombie_withNullIdMap_shouldThrowValidationException" classname="com.oxyl.coursepfback.service.ZombieServiceTest" time="0.043">
    <system-out><![CDATA[15:09:36.643 [main] DEBUG com.oxyl.coursepfback.service.ZombieService -- Création d'un nouveau zombie: com.oxyl.coursepfback.model.ZombieModel@532e27ab
15:09:36.643 [main] ERROR com.oxyl.coursepfback.service.ZombieService -- Tentative de création d'un zombie sans id de map
]]></system-out>
  </testcase>
  <testcase name="createZombie_withInvalidAttaqueParSeconde_shouldThrowValidationException" classname="com.oxyl.coursepfback.service.ZombieServiceTest" time="0.0">
    <system-out><![CDATA[15:09:36.643 [main] DEBUG com.oxyl.coursepfback.service.ZombieService -- Création d'un nouveau zombie: com.oxyl.coursepfback.model.ZombieModel@490c7a83
15:09:36.643 [main] ERROR com.oxyl.coursepfback.service.ZombieService -- Tentative de création d'un zombie avec une attaque par seconde négative: -1.0
]]></system-out>
  </testcase>
  <testcase name="createZombie_withNullNom_shouldThrowValidationException" classname="com.oxyl.coursepfback.service.ZombieServiceTest" time="0.018">
    <system-out><![CDATA[15:09:36.661 [main] DEBUG com.oxyl.coursepfback.service.ZombieService -- Création d'un nouveau zombie: com.oxyl.coursepfback.model.ZombieModel@61ab89b0
15:09:36.661 [main] ERROR com.oxyl.coursepfback.service.ZombieService -- Tentative de création d'un zombie avec un nom vide
]]></system-out>
  </testcase>
  <testcase name="createZombie_shouldSucceed" classname="com.oxyl.coursepfback.service.ZombieServiceTest" time="0.0">
    <system-out><![CDATA[15:09:36.661 [main] DEBUG com.oxyl.coursepfback.service.ZombieService -- Création d'un nouveau zombie: com.oxyl.coursepfback.model.ZombieModel@51b01550
15:09:36.661 [main] INFO com.oxyl.coursepfback.service.ZombieService -- Zombie créé avec succès: com.oxyl.coursepfback.model.ZombieModel@51b01550
]]></system-out>
  </testcase>
  <testcase name="updateZombie_withNullValues_shouldKeepExistingValues" classname="com.oxyl.coursepfback.service.ZombieServiceTest" time="0.0">
    <system-out><![CDATA[15:09:36.661 [main] INFO com.oxyl.coursepfback.service.ZombieService -- Zombie mis à jour avec succès: com.oxyl.coursepfback.model.ZombieModel@1921994e
]]></system-out>
  </testcase>
  <testcase name="getZombiesByMapId_withEmptyList_shouldReturnEmptyList" classname="com.oxyl.coursepfback.service.ZombieServiceTest" time="0.018">
    <system-out><![CDATA[15:09:36.679 [main] DEBUG com.oxyl.coursepfback.service.ZombieService -- Récupération des zombies de la map avec l'id: 1
15:09:36.679 [main] DEBUG com.oxyl.coursepfback.service.ZombieService -- 0 zombies trouvés pour la map 1
]]></system-out>
  </testcase>
  <testcase name="updateZombie_withNonExistentMap_shouldThrowValidationException" classname="com.oxyl.coursepfback.service.ZombieServiceTest" time="0.0">
    <system-out><![CDATA[15:09:36.679 [main] ERROR com.oxyl.coursepfback.service.ZombieService -- Tentative de mise à jour d'un zombie avec une map inexistante: 1
]]></system-out>
  </testcase>
  <testcase name="createZombie_withInvalidPointsDeVie_shouldThrowValidationException" classname="com.oxyl.coursepfback.service.ZombieServiceTest" time="0.017">
    <system-out><![CDATA[15:09:36.679 [main] DEBUG com.oxyl.coursepfback.service.ZombieService -- Création d'un nouveau zombie: com.oxyl.coursepfback.model.ZombieModel@63a28987
15:09:36.679 [main] ERROR com.oxyl.coursepfback.service.ZombieService -- Tentative de création d'un zombie avec des points de vie négatifs: -1
]]></system-out>
  </testcase>
  <testcase name="updateZombie_shouldSucceed" classname="com.oxyl.coursepfback.service.ZombieServiceTest" time="0.008">
    <system-out><![CDATA[15:09:36.704 [main] INFO com.oxyl.coursepfback.service.ZombieService -- Zombie mis à jour avec succès: com.oxyl.coursepfback.model.ZombieModel@410ae5ac
]]></system-out>
  </testcase>
  <testcase name="updateZombie_withInvalidAttaqueParSeconde_shouldThrowValidationException" classname="com.oxyl.coursepfback.service.ZombieServiceTest" time="0.007">
    <system-out><![CDATA[15:09:36.712 [main] ERROR com.oxyl.coursepfback.service.ZombieService -- Tentative de mise à jour d'un zombie avec une attaque par seconde invalide: -1.0
]]></system-out>
  </testcase>
  <testcase name="getZombie_shouldReturnZombie" classname="com.oxyl.coursepfback.service.ZombieServiceTest" time="0.003">
    <system-out><![CDATA[15:09:36.717 [main] DEBUG com.oxyl.coursepfback.service.ZombieService -- Récupération du zombie avec l'id: 1
15:09:36.717 [main] DEBUG com.oxyl.coursepfback.service.ZombieService -- Zombie trouvé: com.oxyl.coursepfback.model.ZombieModel@541179e7
]]></system-out>
  </testcase>
  <testcase name="createZombie_withNonExistentMap_shouldThrowValidationException" classname="com.oxyl.coursepfback.service.ZombieServiceTest" time="0.013">
    <system-out><![CDATA[15:09:36.728 [main] DEBUG com.oxyl.coursepfback.service.ZombieService -- Création d'un nouveau zombie: com.oxyl.coursepfback.model.ZombieModel@15d42ccb
15:09:36.729 [main] ERROR com.oxyl.coursepfback.service.ZombieService -- Tentative de création d'un zombie avec une map inexistante: 1
]]></system-out>
  </testcase>
  <testcase name="updateZombie_withNullZombie_shouldThrowValidationException" classname="com.oxyl.coursepfback.service.ZombieServiceTest" time="0.006">
    <system-out><![CDATA[15:09:36.730 [main] ERROR com.oxyl.coursepfback.service.ZombieService -- Tentative de mise à jour d'un zombie null
]]></system-out>
  </testcase>
  <testcase name="createZombie_withNullCheminImage_shouldThrowValidationException" classname="com.oxyl.coursepfback.service.ZombieServiceTest" time="0.0">
    <system-out><![CDATA[15:09:36.736 [main] DEBUG com.oxyl.coursepfback.service.ZombieService -- Création d'un nouveau zombie: com.oxyl.coursepfback.model.ZombieModel@4bd5849e
15:09:36.736 [main] ERROR com.oxyl.coursepfback.service.ZombieService -- Tentative de création d'un zombie avec un chemin d'image vide
]]></system-out>
  </testcase>
  <testcase name="getZombie_withValidId_shouldReturnZombie" classname="com.oxyl.coursepfback.service.ZombieServiceTest" time="0.012">
    <system-out><![CDATA[15:09:36.748 [main] DEBUG com.oxyl.coursepfback.service.ZombieService -- Récupération du zombie avec l'id: 1
15:09:36.748 [main] DEBUG com.oxyl.coursepfback.service.ZombieService -- Zombie trouvé: com.oxyl.coursepfback.model.ZombieModel@526b2f3e
]]></system-out>
  </testcase>
  <testcase name="deleteZombie_withZombieInMap_shouldDeleteZombie" classname="com.oxyl.coursepfback.service.ZombieServiceTest" time="0.0">
    <system-out><![CDATA[15:09:36.748 [main] DEBUG com.oxyl.coursepfback.service.ZombieService -- Suppression du zombie avec l'id: 1
15:09:36.748 [main] INFO com.oxyl.coursepfback.service.ZombieService -- Zombie supprimé avec succès: com.oxyl.coursepfback.model.ZombieModel@17947e6d
]]></system-out>
  </testcase>
  <testcase name="createZombie_withMaxPointsDeVie_shouldSucceed" classname="com.oxyl.coursepfback.service.ZombieServiceTest" time="0.014">
    <system-out><![CDATA[15:09:36.761 [main] DEBUG com.oxyl.coursepfback.service.ZombieService -- Création d'un nouveau zombie: com.oxyl.coursepfback.model.ZombieModel@1d247525
15:09:36.761 [main] INFO com.oxyl.coursepfback.service.ZombieService -- Zombie créé avec succès: com.oxyl.coursepfback.model.ZombieModel@1d247525
]]></system-out>
  </testcase>
  <testcase name="deleteZombie_shouldSucceed" classname="com.oxyl.coursepfback.service.ZombieServiceTest" time="0.0">
    <system-out><![CDATA[15:09:36.764 [main] DEBUG com.oxyl.coursepfback.service.ZombieService -- Suppression du zombie avec l'id: 1
15:09:36.764 [main] INFO com.oxyl.coursepfback.service.ZombieService -- Zombie supprimé avec succès: com.oxyl.coursepfback.model.ZombieModel@32fa809f
]]></system-out>
  </testcase>
  <testcase name="getZombiesByMapId_shouldReturnList" classname="com.oxyl.coursepfback.service.ZombieServiceTest" time="0.0">
    <system-out><![CDATA[15:09:36.764 [main] DEBUG com.oxyl.coursepfback.service.ZombieService -- Récupération des zombies de la map avec l'id: 1
15:09:36.764 [main] DEBUG com.oxyl.coursepfback.service.ZombieService -- 1 zombies trouvés pour la map 1
]]></system-out>
  </testcase>
  <testcase name="createZombie_withMaxAttaqueParSeconde_shouldSucceed" classname="com.oxyl.coursepfback.service.ZombieServiceTest" time="0.009">
    <system-out><![CDATA[15:09:36.783 [main] DEBUG com.oxyl.coursepfback.service.ZombieService -- Création d'un nouveau zombie: com.oxyl.coursepfback.model.ZombieModel@a5bbaec
15:09:36.784 [main] INFO com.oxyl.coursepfback.service.ZombieService -- Zombie créé avec succès: com.oxyl.coursepfback.model.ZombieModel@a5bbaec
]]></system-out>
  </testcase>
  <testcase name="createZombie_withMaxDegatAttaque_shouldSucceed" classname="com.oxyl.coursepfback.service.ZombieServiceTest" time="0.005">
    <system-out><![CDATA[15:09:36.790 [main] DEBUG com.oxyl.coursepfback.service.ZombieService -- Création d'un nouveau zombie: com.oxyl.coursepfback.model.ZombieModel@6468a7b6
15:09:36.790 [main] INFO com.oxyl.coursepfback.service.ZombieService -- Zombie créé avec succès: com.oxyl.coursepfback.model.ZombieModel@6468a7b6
]]></system-out>
  </testcase>
  <testcase name="deleteZombie_withNullId_shouldThrowValidationException" classname="com.oxyl.coursepfback.service.ZombieServiceTest" time="0.005">
    <system-out><![CDATA[15:09:36.797 [main] DEBUG com.oxyl.coursepfback.service.ZombieService -- Suppression du zombie avec l'id: null
15:09:36.797 [main] ERROR com.oxyl.coursepfback.service.ZombieService -- Tentative de suppression d'un zombie avec un id null
]]></system-out>
  </testcase>
  <testcase name="getAllZombies_shouldReturnList" classname="com.oxyl.coursepfback.service.ZombieServiceTest" time="0.0">
    <system-out><![CDATA[15:09:36.797 [main] DEBUG com.oxyl.coursepfback.service.ZombieService -- Récupération de tous les zombies
15:09:36.797 [main] DEBUG com.oxyl.coursepfback.service.ZombieService -- 1 zombies trouvés
]]></system-out>
  </testcase>
  <testcase name="getAllZombies_withEmptyList_shouldReturnEmptyList" classname="com.oxyl.coursepfback.service.ZombieServiceTest" time="0.015">
    <system-out><![CDATA[15:09:36.812 [main] DEBUG com.oxyl.coursepfback.service.ZombieService -- Récupération de tous les zombies
15:09:36.812 [main] DEBUG com.oxyl.coursepfback.service.ZombieService -- 0 zombies trouvés
]]></system-out>
  </testcase>
  <testcase name="getZombie_withNullId_shouldThrowValidationException" classname="com.oxyl.coursepfback.service.ZombieServiceTest" time="0.0">
    <system-out><![CDATA[15:09:36.812 [main] DEBUG com.oxyl.coursepfback.service.ZombieService -- Récupération du zombie avec l'id: null
15:09:36.812 [main] ERROR com.oxyl.coursepfback.service.ZombieService -- Tentative de récupération d'un zombie avec un id null
]]></system-out>
  </testcase>
  <testcase name="updateZombie_withNullIdMap_shouldSucceed" classname="com.oxyl.coursepfback.service.ZombieServiceTest" time="0.02">
    <system-out><![CDATA[15:09:36.832 [main] INFO com.oxyl.coursepfback.service.ZombieService -- Zombie mis à jour avec succès: com.oxyl.coursepfback.model.ZombieModel@462e1e64
]]></system-out>
  </testcase>
  <testcase name="createZombie_withEmptyCheminImage_shouldThrowValidationException" classname="com.oxyl.coursepfback.service.ZombieServiceTest" time="0.0">
    <system-out><![CDATA[15:09:36.836 [main] DEBUG com.oxyl.coursepfback.service.ZombieService -- Création d'un nouveau zombie: com.oxyl.coursepfback.model.ZombieModel@2f9a4401
15:09:36.836 [main] ERROR com.oxyl.coursepfback.service.ZombieService -- Tentative de création d'un zombie avec un chemin d'image vide
]]></system-out>
  </testcase>
  <testcase name="createZombie_withNullZombie_shouldThrowValidationException" classname="com.oxyl.coursepfback.service.ZombieServiceTest" time="0.01">
    <system-out><![CDATA[15:09:36.846 [main] DEBUG com.oxyl.coursepfback.service.ZombieService -- Création d'un nouveau zombie: null
15:09:36.846 [main] ERROR com.oxyl.coursepfback.service.ZombieService -- Tentative de création d'un zombie null
]]></system-out>
  </testcase>
  <testcase name="createZombie_withInvalidDegatAttaque_shouldThrowValidationException" classname="com.oxyl.coursepfback.service.ZombieServiceTest" time="0.0">
    <system-out><![CDATA[15:09:36.846 [main] DEBUG com.oxyl.coursepfback.service.ZombieService -- Création d'un nouveau zombie: com.oxyl.coursepfback.model.ZombieModel@18371d89
15:09:36.846 [main] ERROR com.oxyl.coursepfback.service.ZombieService -- Tentative de création d'un zombie avec des dégâts d'attaque négatifs: -10
]]></system-out>
  </testcase>
  <testcase name="createZombie_withInvalidMapId_shouldThrowValidationException" classname="com.oxyl.coursepfback.service.ZombieServiceTest" time="0.0">
    <system-out><![CDATA[15:09:36.846 [main] DEBUG com.oxyl.coursepfback.service.ZombieService -- Création d'un nouveau zombie: com.oxyl.coursepfback.model.ZombieModel@37baddde
15:09:36.846 [main] ERROR com.oxyl.coursepfback.service.ZombieService -- Tentative de création d'un zombie sans id de map
]]></system-out>
  </testcase>
  <testcase name="getZombiesByMapId_withNonExistentMap_shouldThrowValidationException" classname="com.oxyl.coursepfback.service.ZombieServiceTest" time="0.003">
    <system-out><![CDATA[15:09:36.862 [main] DEBUG com.oxyl.coursepfback.service.ZombieService -- Récupération des zombies de la map avec l'id: 1
15:09:36.862 [main] ERROR com.oxyl.coursepfback.service.ZombieService -- Tentative de récupération des zombies d'une map inexistante: 1
]]></system-out>
  </testcase>
  <testcase name="getZombiesByMapId_withValidMap_shouldReturnZombies" classname="com.oxyl.coursepfback.service.ZombieServiceTest" time="0.0">
    <system-out><![CDATA[15:09:36.862 [main] DEBUG com.oxyl.coursepfback.service.ZombieService -- Récupération des zombies de la map avec l'id: 1
15:09:36.862 [main] DEBUG com.oxyl.coursepfback.service.ZombieService -- 1 zombies trouvés pour la map 1
]]></system-out>
  </testcase>
  <testcase name="createZombie_withMaxVitesseDeplacement_shouldSucceed" classname="com.oxyl.coursepfback.service.ZombieServiceTest" time="0.015">
    <system-out><![CDATA[15:09:36.876 [main] DEBUG com.oxyl.coursepfback.service.ZombieService -- Création d'un nouveau zombie: com.oxyl.coursepfback.model.ZombieModel@63d5874f
15:09:36.876 [main] INFO com.oxyl.coursepfback.service.ZombieService -- Zombie créé avec succès: com.oxyl.coursepfback.model.ZombieModel@63d5874f
]]></system-out>
  </testcase>
  <testcase name="updateZombie_withNonExistentId_shouldThrowNotFoundException" classname="com.oxyl.coursepfback.service.ZombieServiceTest" time="0.0">
    <system-out><![CDATA[15:09:36.879 [main] ERROR com.oxyl.coursepfback.service.ZombieService -- Tentative de mise à jour d'un zombie inexistant avec l'id: 1
]]></system-out>
  </testcase>
  <testcase name="deleteZombie_withNonExistentId_shouldThrowNotFoundException" classname="com.oxyl.coursepfback.service.ZombieServiceTest" time="0.0">
    <system-out><![CDATA[15:09:36.879 [main] DEBUG com.oxyl.coursepfback.service.ZombieService -- Suppression du zombie avec l'id: 1
15:09:36.879 [main] ERROR com.oxyl.coursepfback.service.ZombieService -- Tentative de suppression d'un zombie inexistant avec l'id: 1
]]></system-out>
  </testcase>
  <testcase name="updateZombie_withNullCheminImage_shouldSucceed" classname="com.oxyl.coursepfback.service.ZombieServiceTest" time="0.016">
    <system-out><![CDATA[15:09:36.895 [main] INFO com.oxyl.coursepfback.service.ZombieService -- Zombie mis à jour avec succès: com.oxyl.coursepfback.model.ZombieModel@1b6924cb
]]></system-out>
  </testcase>
  <testcase name="createZombie_withEmptyNom_shouldThrowValidationException" classname="com.oxyl.coursepfback.service.ZombieServiceTest" time="0.0">
    <system-out><![CDATA[15:09:36.895 [main] DEBUG com.oxyl.coursepfback.service.ZombieService -- Création d'un nouveau zombie: com.oxyl.coursepfback.model.ZombieModel@135a8c6f
15:09:36.895 [main] ERROR com.oxyl.coursepfback.service.ZombieService -- Tentative de création d'un zombie avec un nom vide
]]></system-out>
  </testcase>
  <testcase name="updateZombie_withPartialUpdate_shouldUpdateOnlySpecifiedFields" classname="com.oxyl.coursepfback.service.ZombieServiceTest" time="0.017">
    <system-out><![CDATA[15:09:36.911 [main] INFO com.oxyl.coursepfback.service.ZombieService -- Zombie mis à jour avec succès: com.oxyl.coursepfback.model.ZombieModel@68ed3f30
]]></system-out>
  </testcase>
  <testcase name="createZombie_withInvalidVitesseDeplacement_shouldThrowValidationException" classname="com.oxyl.coursepfback.service.ZombieServiceTest" time="0.002">
    <system-out><![CDATA[15:09:36.915 [main] DEBUG com.oxyl.coursepfback.service.ZombieService -- Création d'un nouveau zombie: com.oxyl.coursepfback.model.ZombieModel@58015e56
15:09:36.915 [main] ERROR com.oxyl.coursepfback.service.ZombieService -- Tentative de création d'un zombie avec une vitesse de déplacement négative: -1.0
]]></system-out>
  </testcase>
  <testcase name="updateZombie_withPartialUpdate_shouldSucceed" classname="com.oxyl.coursepfback.service.ZombieServiceTest" time="0.014">
    <system-out><![CDATA[15:09:36.927 [main] INFO com.oxyl.coursepfback.service.ZombieService -- Zombie mis à jour avec succès: com.oxyl.coursepfback.model.ZombieModel@6cbe7d4d
]]></system-out>
  </testcase>
  <testcase name="updateZombie_withNullNom_shouldSucceed" classname="com.oxyl.coursepfback.service.ZombieServiceTest" time="0.007">
    <system-out><![CDATA[15:09:36.936 [main] INFO com.oxyl.coursepfback.service.ZombieService -- Zombie mis à jour avec succès: com.oxyl.coursepfback.model.ZombieModel@4ee25d80
]]></system-out>
  </testcase>
  <testcase name="getZombie_withNonExistentId_shouldThrowNotFoundException" classname="com.oxyl.coursepfback.service.ZombieServiceTest" time="0.01">
    <system-out><![CDATA[15:09:36.942 [main] DEBUG com.oxyl.coursepfback.service.ZombieService -- Récupération du zombie avec l'id: 1
15:09:36.944 [main] ERROR com.oxyl.coursepfback.service.ZombieService -- Zombie non trouvé avec l'id: 1
]]></system-out>
  </testcase>
  <testcase name="updateZombie_withInvalidDegatAttaque_shouldThrowValidationException" classname="com.oxyl.coursepfback.service.ZombieServiceTest" time="0.0">
    <system-out><![CDATA[15:09:36.948 [main] ERROR com.oxyl.coursepfback.service.ZombieService -- Tentative de mise à jour d'un zombie avec des dégâts d'attaque invalides: -10
]]></system-out>
  </testcase>
  <testcase name="updateZombie_withInvalidVitesseDeplacement_shouldThrowValidationException" classname="com.oxyl.coursepfback.service.ZombieServiceTest" time="0.009">
    <system-out><![CDATA[15:09:36.969 [main] ERROR com.oxyl.coursepfback.service.ZombieService -- Tentative de mise à jour d'un zombie avec une vitesse de déplacement invalide: -1.0
]]></system-out>
  </testcase>
</testsuite>