<?xml version="1.0" encoding="UTF-8"?>
<testsuite xmlns:xsi="http://www.w3.org/2001/XMLSchema-instance" xsi:noNamespaceSchemaLocation="https://maven.apache.org/surefire/maven-surefire-plugin/xsd/surefire-test-report-3.0.xsd" version="3.0" name="com.oxyl.coursepfback.service.PlanteServiceTest" time="0.408" tests="41" errors="0" skipped="0" failures="0">
  <properties>
[...]
</properties>
  <testcase name="updatePlante_withInvalidAttaqueParSeconde_shouldThrowValidationException" classname="com.oxyl.coursepfback.service.PlanteServiceTest" time="0.084">
    <system-out><![CDATA[20:11:17.815 [main] ERROR com.oxyl.coursepfback.service.PlanteService -- Tentative de mise à jour d'une plante avec une attaque par seconde invalide: -1.0
]]></system-out>
  </testcase>
  <testcase name="getAllPlantes_shouldReturnList" classname="com.oxyl.coursepfback.service.PlanteServiceTest" time="0.004">
    <system-out><![CDATA[20:11:17.823 [main] DEBUG com.oxyl.coursepfback.service.PlanteService -- Récupération de toutes les plantes
20:11:17.823 [main] DEBUG com.oxyl.coursepfback.service.PlanteService -- 1 plantes trouvées
]]></system-out>
  </testcase>
  <testcase name="getPlante_withNonExistentId_shouldThrowNotFoundException" classname="com.oxyl.coursepfback.service.PlanteServiceTest" time="0.004">
    <system-out><![CDATA[20:11:17.828 [main] DEBUG com.oxyl.coursepfback.service.PlanteService -- Récupération de la plante avec l'id: 1
20:11:17.828 [main] ERROR com.oxyl.coursepfback.service.PlanteService -- Plante non trouvée avec l'id: 1
]]></system-out>
  </testcase>
  <testcase name="updatePlante_withInvalidDegatAttaque_shouldThrowValidationException" classname="com.oxyl.coursepfback.service.PlanteServiceTest" time="0.006">
    <system-out><![CDATA[20:11:17.837 [main] ERROR com.oxyl.coursepfback.service.PlanteService -- Tentative de mise à jour d'une plante avec des dégâts d'attaque invalides: -10
]]></system-out>
  </testcase>
  <testcase name="updatePlante_withEmptyCheminImage_shouldThrowValidationException" classname="com.oxyl.coursepfback.service.PlanteServiceTest" time="0.0">
    <system-out><![CDATA[20:11:17.838 [main] ERROR com.oxyl.coursepfback.service.PlanteService -- Tentative de mise à jour d'une plante avec un chemin d'image vide
]]></system-out>
  </testcase>
  <testcase name="updatePlante_withNullPlante_shouldThrowValidationException" classname="com.oxyl.coursepfback.service.PlanteServiceTest" time="0.0">
    <system-out><![CDATA[20:11:17.838 [main] ERROR com.oxyl.coursepfback.service.PlanteService -- Tentative de mise à jour d'une plante null
]]></system-out>
  </testcase>
  <testcase name="createPlante_withZeroDegatAttaque_shouldSucceed" classname="com.oxyl.coursepfback.service.PlanteServiceTest" time="0.007">
    <system-out><![CDATA[20:11:17.856 [main] DEBUG com.oxyl.coursepfback.service.PlanteService -- Création d'une nouvelle plante: com.oxyl.coursepfback.model.PlanteModel@5fb7183b
20:11:17.857 [main] INFO com.oxyl.coursepfback.service.PlanteService -- Plante créée avec succès: com.oxyl.coursepfback.model.PlanteModel@5fb7183b
]]></system-out>
  </testcase>
  <testcase name="createPlante_withInvalidSoleilParSeconde_shouldThrowValidationException" classname="com.oxyl.coursepfback.service.PlanteServiceTest" time="0.005">
    <system-out><![CDATA[20:11:17.863 [main] DEBUG com.oxyl.coursepfback.service.PlanteService -- Création d'une nouvelle plante: com.oxyl.coursepfback.model.PlanteModel@7159139f
20:11:17.863 [main] ERROR com.oxyl.coursepfback.service.PlanteService -- Tentative de création d'une plante avec un soleil par seconde négatif: -1.0
]]></system-out>
  </testcase>
  <testcase name="updatePlante_withEmptyValues_shouldThrowValidationException" classname="com.oxyl.coursepfback.service.PlanteServiceTest" time="0.007">
    <system-out><![CDATA[20:11:17.869 [main] ERROR com.oxyl.coursepfback.service.PlanteService -- Tentative de mise à jour d'une plante avec un nom vide
20:11:17.872 [main] ERROR com.oxyl.coursepfback.service.PlanteService -- Tentative de mise à jour d'une plante avec un effet vide
20:11:17.872 [main] ERROR com.oxyl.coursepfback.service.PlanteService -- Tentative de mise à jour d'une plante avec un chemin d'image vide
]]></system-out>
  </testcase>
  <testcase name="createPlante_withNullCheminImage_shouldThrowValidationException" classname="com.oxyl.coursepfback.service.PlanteServiceTest" time="0.013">
    <system-out><![CDATA[20:11:17.872 [main] DEBUG com.oxyl.coursepfback.service.PlanteService -- Création d'une nouvelle plante: com.oxyl.coursepfback.model.PlanteModel@32b9bd12
20:11:17.872 [main] ERROR com.oxyl.coursepfback.service.PlanteService -- Tentative de création d'une plante avec un chemin d'image vide
]]></system-out>
  </testcase>
  <testcase name="createPlante_withEmptyEffet_shouldThrowValidationException" classname="com.oxyl.coursepfback.service.PlanteServiceTest" time="0.0">
    <system-out><![CDATA[20:11:17.885 [main] DEBUG com.oxyl.coursepfback.service.PlanteService -- Création d'une nouvelle plante: com.oxyl.coursepfback.model.PlanteModel@7e75bf2d
20:11:17.885 [main] ERROR com.oxyl.coursepfback.service.PlanteService -- Tentative de création d'une plante avec un effet vide
]]></system-out>
  </testcase>
  <testcase name="createPlante_withEmptyNom_shouldThrowValidationException" classname="com.oxyl.coursepfback.service.PlanteServiceTest" time="0.016">
    <system-out><![CDATA[20:11:17.885 [main] DEBUG com.oxyl.coursepfback.service.PlanteService -- Création d'une nouvelle plante: com.oxyl.coursepfback.model.PlanteModel@73044cdf
20:11:17.885 [main] ERROR com.oxyl.coursepfback.service.PlanteService -- Tentative de création d'une plante avec un nom vide
]]></system-out>
  </testcase>
  <testcase name="deletePlante_shouldSucceed" classname="com.oxyl.coursepfback.service.PlanteServiceTest" time="0.007">
    <system-out><![CDATA[20:11:17.906 [main] DEBUG com.oxyl.coursepfback.service.PlanteService -- Suppression de la plante avec l'id: 1
20:11:17.909 [main] INFO com.oxyl.coursepfback.service.PlanteService -- Plante supprimée avec succès: com.oxyl.coursepfback.model.PlanteModel@58112bc4
]]></system-out>
  </testcase>
  <testcase name="updatePlante_withNegativeValues_shouldThrowValidationException" classname="com.oxyl.coursepfback.service.PlanteServiceTest" time="0.025">
    <system-out><![CDATA[20:11:17.919 [main] ERROR com.oxyl.coursepfback.service.PlanteService -- Tentative de mise à jour d'une plante avec des points de vie invalides: -1
20:11:17.927 [main] ERROR com.oxyl.coursepfback.service.PlanteService -- Tentative de mise à jour d'une plante avec une attaque par seconde invalide: -1.0
20:11:17.927 [main] ERROR com.oxyl.coursepfback.service.PlanteService -- Tentative de mise à jour d'une plante avec des dégâts d'attaque invalides: -10
20:11:17.930 [main] ERROR com.oxyl.coursepfback.service.PlanteService -- Tentative de mise à jour d'une plante avec un coût invalide
20:11:17.930 [main] ERROR com.oxyl.coursepfback.service.PlanteService -- Tentative de mise à jour d'une plante avec un soleil par seconde invalide
]]></system-out>
  </testcase>
  <testcase name="createPlante_withNullNom_shouldThrowValidationException" classname="com.oxyl.coursepfback.service.PlanteServiceTest" time="0.006">
    <system-out><![CDATA[20:11:17.939 [main] DEBUG com.oxyl.coursepfback.service.PlanteService -- Création d'une nouvelle plante: com.oxyl.coursepfback.model.PlanteModel@705f83a7
20:11:17.939 [main] ERROR com.oxyl.coursepfback.service.PlanteService -- Tentative de création d'une plante avec un nom vide
]]></system-out>
  </testcase>
  <testcase name="updatePlante_withNullValues_shouldSucceed" classname="com.oxyl.coursepfback.service.PlanteServiceTest" time="0.01">
    <system-out><![CDATA[20:11:17.941 [main] INFO com.oxyl.coursepfback.service.PlanteService -- Plante mise à jour avec succès: com.oxyl.coursepfback.model.PlanteModel@29a4f594
]]></system-out>
  </testcase>
  <testcase name="createPlante_withNegativeValues_shouldThrowValidationException" classname="com.oxyl.coursepfback.service.PlanteServiceTest" time="0.01">
    <system-out><![CDATA[20:11:17.955 [main] DEBUG com.oxyl.coursepfback.service.PlanteService -- Création d'une nouvelle plante: com.oxyl.coursepfback.model.PlanteModel@287f7811
20:11:17.955 [main] ERROR com.oxyl.coursepfback.service.PlanteService -- Tentative de création d'une plante avec des points de vie négatifs: -1
20:11:17.956 [main] DEBUG com.oxyl.coursepfback.service.PlanteService -- Création d'une nouvelle plante: com.oxyl.coursepfback.model.PlanteModel@287f7811
20:11:17.957 [main] ERROR com.oxyl.coursepfback.service.PlanteService -- Tentative de création d'une plante avec une attaque par seconde négative: -1.0
20:11:17.958 [main] DEBUG com.oxyl.coursepfback.service.PlanteService -- Création d'une nouvelle plante: com.oxyl.coursepfback.model.PlanteModel@287f7811
20:11:17.959 [main] ERROR com.oxyl.coursepfback.service.PlanteService -- Tentative de création d'une plante avec des dégâts d'attaque négatifs: -10
20:11:17.959 [main] DEBUG com.oxyl.coursepfback.service.PlanteService -- Création d'une nouvelle plante: com.oxyl.coursepfback.model.PlanteModel@287f7811
20:11:17.960 [main] ERROR com.oxyl.coursepfback.service.PlanteService -- Tentative de création d'une plante avec un coût négatif: -50
20:11:17.961 [main] DEBUG com.oxyl.coursepfback.service.PlanteService -- Création d'une nouvelle plante: com.oxyl.coursepfback.model.PlanteModel@287f7811
20:11:17.961 [main] ERROR com.oxyl.coursepfback.service.PlanteService -- Tentative de création d'une plante avec un soleil par seconde négatif: -1.0
]]></system-out>
  </testcase>
  <testcase name="updatePlante_withInvalidCout_shouldThrowValidationException" classname="com.oxyl.coursepfback.service.PlanteServiceTest" time="0.008">
    <system-out><![CDATA[20:11:17.971 [main] ERROR com.oxyl.coursepfback.service.PlanteService -- Tentative de mise à jour d'une plante avec un coût invalide
]]></system-out>
  </testcase>
  <testcase name="updatePlante_withZeroDegatAttaque_shouldSucceed" classname="com.oxyl.coursepfback.service.PlanteServiceTest" time="0.0">
    <system-out><![CDATA[20:11:17.971 [main] INFO com.oxyl.coursepfback.service.PlanteService -- Plante mise à jour avec succès: com.oxyl.coursepfback.model.PlanteModel@67c277a0
]]></system-out>
  </testcase>
  <testcase name="createPlante_withInvalidCout_shouldThrowValidationException" classname="com.oxyl.coursepfback.service.PlanteServiceTest" time="0.0">
    <system-out><![CDATA[20:11:17.986 [main] DEBUG com.oxyl.coursepfback.service.PlanteService -- Création d'une nouvelle plante: com.oxyl.coursepfback.model.PlanteModel@59546cfe
20:11:17.986 [main] ERROR com.oxyl.coursepfback.service.PlanteService -- Tentative de création d'une plante avec un coût négatif: -50
]]></system-out>
  </testcase>
  <testcase name="createPlante_withNullEffet_shouldThrowValidationException" classname="com.oxyl.coursepfback.service.PlanteServiceTest" time="0.0">
    <system-out><![CDATA[20:11:17.986 [main] DEBUG com.oxyl.coursepfback.service.PlanteService -- Création d'une nouvelle plante: com.oxyl.coursepfback.model.PlanteModel@1e6dad8
20:11:17.986 [main] ERROR com.oxyl.coursepfback.service.PlanteService -- Tentative de création d'une plante avec un effet vide
]]></system-out>
  </testcase>
  <testcase name="getPlante_shouldReturnPlante" classname="com.oxyl.coursepfback.service.PlanteServiceTest" time="0.0">
    <system-out><![CDATA[20:11:18.002 [main] DEBUG com.oxyl.coursepfback.service.PlanteService -- Récupération de la plante avec l'id: 1
20:11:18.002 [main] DEBUG com.oxyl.coursepfback.service.PlanteService -- Plante trouvée: com.oxyl.coursepfback.model.PlanteModel@f72203
]]></system-out>
  </testcase>
  <testcase name="updatePlante_withNullCheminImage_shouldSucceed" classname="com.oxyl.coursepfback.service.PlanteServiceTest" time="0.0">
    <system-out><![CDATA[20:11:18.002 [main] INFO com.oxyl.coursepfback.service.PlanteService -- Plante mise à jour avec succès: com.oxyl.coursepfback.model.PlanteModel@1be59f28
]]></system-out>
  </testcase>
  <testcase name="createPlante_withNullPlante_shouldThrowValidationException" classname="com.oxyl.coursepfback.service.PlanteServiceTest" time="0.0">
    <system-out><![CDATA[20:11:18.019 [main] DEBUG com.oxyl.coursepfback.service.PlanteService -- Création d'une nouvelle plante: null
20:11:18.019 [main] ERROR com.oxyl.coursepfback.service.PlanteService -- Tentative de création d'une plante null
]]></system-out>
  </testcase>
  <testcase name="updatePlante_withNullEffet_shouldSucceed" classname="com.oxyl.coursepfback.service.PlanteServiceTest" time="0.011">
    <system-out><![CDATA[20:11:18.030 [main] INFO com.oxyl.coursepfback.service.PlanteService -- Plante mise à jour avec succès: com.oxyl.coursepfback.model.PlanteModel@27b000f7
]]></system-out>
  </testcase>
  <testcase name="getAllPlantes_withEmptyList_shouldReturnEmptyList" classname="com.oxyl.coursepfback.service.PlanteServiceTest" time="0.006">
    <system-out><![CDATA[20:11:18.035 [main] DEBUG com.oxyl.coursepfback.service.PlanteService -- Récupération de toutes les plantes
20:11:18.036 [main] DEBUG com.oxyl.coursepfback.service.PlanteService -- 0 plantes trouvées
]]></system-out>
  </testcase>
  <testcase name="updatePlante_withNullNom_shouldSucceed" classname="com.oxyl.coursepfback.service.PlanteServiceTest" time="0.0">
    <system-out><![CDATA[20:11:18.036 [main] INFO com.oxyl.coursepfback.service.PlanteService -- Plante mise à jour avec succès: com.oxyl.coursepfback.model.PlanteModel@3350ebdd
]]></system-out>
  </testcase>
  <testcase name="createPlante_withEmptyCheminImage_shouldThrowValidationException" classname="com.oxyl.coursepfback.service.PlanteServiceTest" time="0.016">
    <system-out><![CDATA[20:11:18.050 [main] DEBUG com.oxyl.coursepfback.service.PlanteService -- Création d'une nouvelle plante: com.oxyl.coursepfback.model.PlanteModel@1f193686
20:11:18.051 [main] ERROR com.oxyl.coursepfback.service.PlanteService -- Tentative de création d'une plante avec un chemin d'image vide
]]></system-out>
  </testcase>
  <testcase name="updatePlante_withInvalidSoleilParSeconde_shouldThrowValidationException" classname="com.oxyl.coursepfback.service.PlanteServiceTest" time="0.0">
    <system-out><![CDATA[20:11:18.052 [main] ERROR com.oxyl.coursepfback.service.PlanteService -- Tentative de mise à jour d'une plante avec un soleil par seconde invalide
]]></system-out>
  </testcase>
  <testcase name="createPlante_withInvalidDegatAttaque_shouldThrowValidationException" classname="com.oxyl.coursepfback.service.PlanteServiceTest" time="0.017">
    <system-out><![CDATA[20:11:18.068 [main] DEBUG com.oxyl.coursepfback.service.PlanteService -- Création d'une nouvelle plante: com.oxyl.coursepfback.model.PlanteModel@1d25c1c
20:11:18.068 [main] ERROR com.oxyl.coursepfback.service.PlanteService -- Tentative de création d'une plante avec des dégâts d'attaque négatifs: -10
]]></system-out>
  </testcase>
  <testcase name="updatePlante_withEmptyEffet_shouldThrowValidationException" classname="com.oxyl.coursepfback.service.PlanteServiceTest" time="0.004">
    <system-out><![CDATA[20:11:18.073 [main] ERROR com.oxyl.coursepfback.service.PlanteService -- Tentative de mise à jour d'une plante avec un effet vide
]]></system-out>
  </testcase>
  <testcase name="deletePlante_withNullId_shouldThrowValidationException" classname="com.oxyl.coursepfback.service.PlanteServiceTest" time="0.004">
    <system-out><![CDATA[20:11:18.078 [main] DEBUG com.oxyl.coursepfback.service.PlanteService -- Suppression de la plante avec l'id: null
20:11:18.078 [main] ERROR com.oxyl.coursepfback.service.PlanteService -- Tentative de suppression d'une plante avec un id null
]]></system-out>
  </testcase>
  <testcase name="updatePlante_withEmptyNom_shouldThrowValidationException" classname="com.oxyl.coursepfback.service.PlanteServiceTest" time="0.006">
    <system-out><![CDATA[20:11:18.086 [main] ERROR com.oxyl.coursepfback.service.PlanteService -- Tentative de mise à jour d'une plante avec un nom vide
]]></system-out>
  </testcase>
  <testcase name="createPlante_withInvalidAttaqueParSeconde_shouldThrowValidationException" classname="com.oxyl.coursepfback.service.PlanteServiceTest" time="0.0">
    <system-out><![CDATA[20:11:18.086 [main] DEBUG com.oxyl.coursepfback.service.PlanteService -- Création d'une nouvelle plante: com.oxyl.coursepfback.model.PlanteModel@7c3ebc6b
20:11:18.086 [main] ERROR com.oxyl.coursepfback.service.PlanteService -- Tentative de création d'une plante avec une attaque par seconde négative: -1.0
]]></system-out>
  </testcase>
  <testcase name="updatePlante_withPartialUpdate_shouldSucceed" classname="com.oxyl.coursepfback.service.PlanteServiceTest" time="0.018">
    <system-out><![CDATA[20:11:18.102 [main] INFO com.oxyl.coursepfback.service.PlanteService -- Plante mise à jour avec succès: com.oxyl.coursepfback.model.PlanteModel@73017a80
]]></system-out>
  </testcase>
  <testcase name="createPlante_shouldSucceed" classname="com.oxyl.coursepfback.service.PlanteServiceTest" time="0.006">
    <system-out><![CDATA[20:11:18.109 [main] DEBUG com.oxyl.coursepfback.service.PlanteService -- Création d'une nouvelle plante: com.oxyl.coursepfback.model.PlanteModel@6293e39e
20:11:18.110 [main] INFO com.oxyl.coursepfback.service.PlanteService -- Plante créée avec succès: com.oxyl.coursepfback.model.PlanteModel@6293e39e
]]></system-out>
  </testcase>
  <testcase name="getPlante_withNullId_shouldThrowValidationException" classname="com.oxyl.coursepfback.service.PlanteServiceTest" time="0.005">
    <system-out><![CDATA[20:11:18.115 [main] DEBUG com.oxyl.coursepfback.service.PlanteService -- Récupération de la plante avec l'id: null
20:11:18.116 [main] ERROR com.oxyl.coursepfback.service.PlanteService -- Tentative de récupération d'une plante avec un id null
]]></system-out>
  </testcase>
  <testcase name="updatePlante_withNonExistentId_shouldThrowNotFoundException" classname="com.oxyl.coursepfback.service.PlanteServiceTest" time="0.004">
    <system-out><![CDATA[20:11:18.121 [main] ERROR com.oxyl.coursepfback.service.PlanteService -- Tentative de mise à jour d'une plante inexistante avec l'id: 1
]]></system-out>
  </testcase>
  <testcase name="deletePlante_withNonExistentId_shouldThrowNotFoundException" classname="com.oxyl.coursepfback.service.PlanteServiceTest" time="0.012">
    <system-out><![CDATA[20:11:18.130 [main] DEBUG com.oxyl.coursepfback.service.PlanteService -- Suppression de la plante avec l'id: 1
20:11:18.130 [main] ERROR com.oxyl.coursepfback.service.PlanteService -- Tentative de suppression d'une plante inexistante avec l'id: 1
]]></system-out>
  </testcase>
  <testcase name="createPlante_withInvalidPointsDeVie_shouldThrowValidationException" classname="com.oxyl.coursepfback.service.PlanteServiceTest" time="0.0">
    <system-out><![CDATA[20:11:18.135 [main] DEBUG com.oxyl.coursepfback.service.PlanteService -- Création d'une nouvelle plante: com.oxyl.coursepfback.model.PlanteModel@4f8b4bd0
20:11:18.135 [main] ERROR com.oxyl.coursepfback.service.PlanteService -- Tentative de création d'une plante avec des points de vie négatifs: -1
]]></system-out>
  </testcase>
  <testcase name="updatePlante_shouldSucceed" classname="com.oxyl.coursepfback.service.PlanteServiceTest" time="0.0">
    <system-out><![CDATA[20:11:18.135 [main] INFO com.oxyl.coursepfback.service.PlanteService -- Plante mise à jour avec succès: com.oxyl.coursepfback.model.PlanteModel@597f48df
]]></system-out>
  </testcase>
</testsuite>