<?xml version="1.0" encoding="UTF-8"?>
<testsuite xmlns:xsi="http://www.w3.org/2001/XMLSchema-instance" xsi:noNamespaceSchemaLocation="https://maven.apache.org/surefire/maven-surefire-plugin/xsd/surefire-test-report-3.0.xsd" version="3.0" name="com.oxyl.coursepfback.persistance.entity.ZombieEntityMapperTest" time="0.02" tests="6" errors="0" skipped="0" failures="0">
  <properties>
[...]
</properties>
  <testcase name="mapListEntityToModel_withNullList_shouldReturnNull" classname="com.oxyl.coursepfback.persistance.entity.ZombieEntityMapperTest" time="0.003"/>
  <testcase name="mapModelToEntity_withNullModel_shouldReturnNull" classname="com.oxyl.coursepfback.persistance.entity.ZombieEntityMapperTest" time="0.002"/>
  <testcase name="mapListEntityToModel_shouldConvertAllEntities" classname="com.oxyl.coursepfback.persistance.entity.ZombieEntityMapperTest" time="0.001"/>
  <testcase name="mapEntityToModel_shouldConvertCorrectly" classname="com.oxyl.coursepfback.persistance.entity.ZombieEntityMapperTest" time="0.002"/>
  <testcase name="mapModelToEntity_shouldConvertCorrectly" classname="com.oxyl.coursepfback.persistance.entity.ZombieEntityMapperTest" time="0.002"/>
  <testcase name="mapEntityToModel_withNullEntity_shouldReturnNull" classname="com.oxyl.coursepfback.persistance.entity.ZombieEntityMapperTest" time="0.002"/>
</testsuite>