<?xml version="1.0" encoding="UTF-8"?>
<testsuite xmlns:xsi="http://www.w3.org/2001/XMLSchema-instance" xsi:noNamespaceSchemaLocation="https://maven.apache.org/surefire/maven-surefire-plugin/xsd/surefire-test-report-3.0.xsd" version="3.0" name="com.oxyl.coursepfback.service.ZombieServiceTest" time="0.59" tests="43" errors="0" skipped="0" failures="0">
  <properties>
[...]
</properties>
  <testcase name="createZombie_withNullIdMap_shouldThrowValidationException" classname="com.oxyl.coursepfback.service.ZombieServiceTest" time="0.062">
    <system-out><![CDATA[14:12:30.285 [main] DEBUG com.oxyl.coursepfback.service.ZombieService -- Création d'un nouveau zombie: com.oxyl.coursepfback.model.ZombieModel@6f139fc9
14:12:30.286 [main] ERROR com.oxyl.coursepfback.service.ZombieService -- Tentative de création d'un zombie sans id de map
]]></system-out>
  </testcase>
  <testcase name="createZombie_withInvalidAttaqueParSeconde_shouldThrowValidationException" classname="com.oxyl.coursepfback.service.ZombieServiceTest" time="0.005">
    <system-out><![CDATA[14:12:30.296 [main] DEBUG com.oxyl.coursepfback.service.ZombieService -- Création d'un nouveau zombie: com.oxyl.coursepfback.model.ZombieModel@34acbc60
14:12:30.297 [main] ERROR com.oxyl.coursepfback.service.ZombieService -- Tentative de création d'un zombie avec une attaque par seconde négative: -1.0
]]></system-out>
  </testcase>
  <testcase name="createZombie_withNullNom_shouldThrowValidationException" classname="com.oxyl.coursepfback.service.ZombieServiceTest" time="0.005">
    <system-out><![CDATA[14:12:30.301 [main] DEBUG com.oxyl.coursepfback.service.ZombieService -- Création d'un nouveau zombie: com.oxyl.coursepfback.model.ZombieModel@706fe5c6
14:12:30.302 [main] ERROR com.oxyl.coursepfback.service.ZombieService -- Tentative de création d'un zombie avec un nom vide
]]></system-out>
  </testcase>
  <testcase name="createZombie_shouldSucceed" classname="com.oxyl.coursepfback.service.ZombieServiceTest" time="0.008">
    <system-out><![CDATA[14:12:30.310 [main] DEBUG com.oxyl.coursepfback.service.ZombieService -- Création d'un nouveau zombie: com.oxyl.coursepfback.model.ZombieModel@3e104d4b
14:12:30.311 [main] INFO com.oxyl.coursepfback.service.ZombieService -- Zombie créé avec succès: com.oxyl.coursepfback.model.ZombieModel@3e104d4b
]]></system-out>
  </testcase>
  <testcase name="updateZombie_withNullValues_shouldKeepExistingValues" classname="com.oxyl.coursepfback.service.ZombieServiceTest" time="0.007">
    <system-out><![CDATA[14:12:30.320 [main] INFO com.oxyl.coursepfback.service.ZombieService -- Zombie mis à jour avec succès: com.oxyl.coursepfback.model.ZombieModel@242a209e
]]></system-out>
  </testcase>
  <testcase name="getZombiesByMapId_withEmptyList_shouldReturnEmptyList" classname="com.oxyl.coursepfback.service.ZombieServiceTest" time="0.009">
    <system-out><![CDATA[14:12:30.327 [main] DEBUG com.oxyl.coursepfback.service.ZombieService -- Récupération des zombies de la map avec l'id: 1
14:12:30.329 [main] DEBUG com.oxyl.coursepfback.service.ZombieService -- 0 zombies trouvés pour la map 1
]]></system-out>
  </testcase>
  <testcase name="createZombie_withInvalidPointsDeVie_shouldThrowValidationException" classname="com.oxyl.coursepfback.service.ZombieServiceTest" time="0.005">
    <system-out><![CDATA[14:12:30.336 [main] DEBUG com.oxyl.coursepfback.service.ZombieService -- Création d'un nouveau zombie: com.oxyl.coursepfback.model.ZombieModel@27df0f3d
14:12:30.336 [main] ERROR com.oxyl.coursepfback.service.ZombieService -- Tentative de création d'un zombie avec des points de vie négatifs: -1
]]></system-out>
  </testcase>
  <testcase name="updateZombie_shouldSucceed" classname="com.oxyl.coursepfback.service.ZombieServiceTest" time="0.009">
    <system-out><![CDATA[14:12:30.346 [main] INFO com.oxyl.coursepfback.service.ZombieService -- Zombie mis à jour avec succès: com.oxyl.coursepfback.model.ZombieModel@aa4d8cc
]]></system-out>
  </testcase>
  <testcase name="updateZombie_withInvalidAttaqueParSeconde_shouldThrowValidationException" classname="com.oxyl.coursepfback.service.ZombieServiceTest" time="0.005">
    <system-out><![CDATA[14:12:30.352 [main] ERROR com.oxyl.coursepfback.service.ZombieService -- Tentative de mise à jour d'un zombie avec une attaque par seconde invalide: -1.0
]]></system-out>
  </testcase>
  <testcase name="getZombie_shouldReturnZombie" classname="com.oxyl.coursepfback.service.ZombieServiceTest" time="0.005">
    <system-out><![CDATA[14:12:30.358 [main] DEBUG com.oxyl.coursepfback.service.ZombieService -- Récupération du zombie avec l'id: 1
14:12:30.359 [main] DEBUG com.oxyl.coursepfback.service.ZombieService -- Zombie trouvé: com.oxyl.coursepfback.model.ZombieModel@2e51d054
]]></system-out>
  </testcase>
  <testcase name="createZombie_withNonExistentMap_shouldThrowValidationException" classname="com.oxyl.coursepfback.service.ZombieServiceTest" time="0.007">
    <system-out><![CDATA[14:12:30.365 [main] DEBUG com.oxyl.coursepfback.service.ZombieService -- Création d'un nouveau zombie: com.oxyl.coursepfback.model.ZombieModel@44a6a68e
14:12:30.368 [main] ERROR com.oxyl.coursepfback.service.ZombieService -- Tentative de création d'un zombie avec une map inexistante: 1
]]></system-out>
  </testcase>
  <testcase name="updateZombie_withNullZombie_shouldThrowValidationException" classname="com.oxyl.coursepfback.service.ZombieServiceTest" time="0.013">
    <system-out><![CDATA[14:12:30.376 [main] ERROR com.oxyl.coursepfback.service.ZombieService -- Tentative de mise à jour d'un zombie null
]]></system-out>
  </testcase>
  <testcase name="createZombie_withNullCheminImage_shouldThrowValidationException" classname="com.oxyl.coursepfback.service.ZombieServiceTest" time="0.012">
    <system-out><![CDATA[14:12:30.396 [main] DEBUG com.oxyl.coursepfback.service.ZombieService -- Création d'un nouveau zombie: com.oxyl.coursepfback.model.ZombieModel@7569ea63
14:12:30.396 [main] ERROR com.oxyl.coursepfback.service.ZombieService -- Tentative de création d'un zombie avec un chemin d'image vide
]]></system-out>
  </testcase>
  <testcase name="getZombie_withValidId_shouldReturnZombie" classname="com.oxyl.coursepfback.service.ZombieServiceTest" time="0.005">
    <system-out><![CDATA[14:12:30.403 [main] DEBUG com.oxyl.coursepfback.service.ZombieService -- Récupération du zombie avec l'id: 1
14:12:30.403 [main] DEBUG com.oxyl.coursepfback.service.ZombieService -- Zombie trouvé: com.oxyl.coursepfback.model.ZombieModel@10358c32
]]></system-out>
  </testcase>
  <testcase name="deleteZombie_withZombieInMap_shouldDeleteZombie" classname="com.oxyl.coursepfback.service.ZombieServiceTest" time="0.007">
    <system-out><![CDATA[14:12:30.410 [main] DEBUG com.oxyl.coursepfback.service.ZombieService -- Suppression du zombie avec l'id: 1
14:12:30.411 [main] INFO com.oxyl.coursepfback.service.ZombieService -- Zombie supprimé avec succès: com.oxyl.coursepfback.model.ZombieModel@20de05e5
]]></system-out>
  </testcase>
  <testcase name="createZombie_withMaxPointsDeVie_shouldSucceed" classname="com.oxyl.coursepfback.service.ZombieServiceTest" time="0.037">
    <system-out><![CDATA[14:12:30.427 [main] DEBUG com.oxyl.coursepfback.service.ZombieService -- Création d'un nouveau zombie: com.oxyl.coursepfback.model.ZombieModel@28737371
14:12:30.447 [main] INFO com.oxyl.coursepfback.service.ZombieService -- Zombie créé avec succès: com.oxyl.coursepfback.model.ZombieModel@28737371
]]></system-out>
  </testcase>
  <testcase name="deleteZombie_shouldSucceed" classname="com.oxyl.coursepfback.service.ZombieServiceTest" time="0.013">
    <system-out><![CDATA[14:12:30.465 [main] DEBUG com.oxyl.coursepfback.service.ZombieService -- Suppression du zombie avec l'id: 1
14:12:30.466 [main] INFO com.oxyl.coursepfback.service.ZombieService -- Zombie supprimé avec succès: com.oxyl.coursepfback.model.ZombieModel@6ff6efdc
]]></system-out>
  </testcase>
  <testcase name="getZombiesByMapId_shouldReturnList" classname="com.oxyl.coursepfback.service.ZombieServiceTest" time="0.021">
    <system-out><![CDATA[14:12:30.483 [main] DEBUG com.oxyl.coursepfback.service.ZombieService -- Récupération des zombies de la map avec l'id: 1
14:12:30.487 [main] DEBUG com.oxyl.coursepfback.service.ZombieService -- 1 zombies trouvés pour la map 1
]]></system-out>
  </testcase>
  <testcase name="createZombie_withMaxAttaqueParSeconde_shouldSucceed" classname="com.oxyl.coursepfback.service.ZombieServiceTest" time="0.015">
    <system-out><![CDATA[14:12:30.501 [main] DEBUG com.oxyl.coursepfback.service.ZombieService -- Création d'un nouveau zombie: com.oxyl.coursepfback.model.ZombieModel@53830483
14:12:30.504 [main] INFO com.oxyl.coursepfback.service.ZombieService -- Zombie créé avec succès: com.oxyl.coursepfback.model.ZombieModel@53830483
]]></system-out>
  </testcase>
  <testcase name="createZombie_withMaxDegatAttaque_shouldSucceed" classname="com.oxyl.coursepfback.service.ZombieServiceTest" time="0.019">
    <system-out><![CDATA[14:12:30.520 [main] DEBUG com.oxyl.coursepfback.service.ZombieService -- Création d'un nouveau zombie: com.oxyl.coursepfback.model.ZombieModel@5f117b3d
14:12:30.522 [main] INFO com.oxyl.coursepfback.service.ZombieService -- Zombie créé avec succès: com.oxyl.coursepfback.model.ZombieModel@5f117b3d
]]></system-out>
  </testcase>
  <testcase name="deleteZombie_withNullId_shouldThrowValidationException" classname="com.oxyl.coursepfback.service.ZombieServiceTest" time="0.009">
    <system-out><![CDATA[14:12:30.534 [main] DEBUG com.oxyl.coursepfback.service.ZombieService -- Suppression du zombie avec l'id: null
14:12:30.534 [main] ERROR com.oxyl.coursepfback.service.ZombieService -- Tentative de suppression d'un zombie avec un id null
]]></system-out>
  </testcase>
  <testcase name="getAllZombies_shouldReturnList" classname="com.oxyl.coursepfback.service.ZombieServiceTest" time="0.011">
    <system-out><![CDATA[14:12:30.551 [main] DEBUG com.oxyl.coursepfback.service.ZombieService -- Récupération de tous les zombies
14:12:30.552 [main] DEBUG com.oxyl.coursepfback.service.ZombieService -- 1 zombies trouvés
]]></system-out>
  </testcase>
  <testcase name="getAllZombies_withEmptyList_shouldReturnEmptyList" classname="com.oxyl.coursepfback.service.ZombieServiceTest" time="0.007">
    <system-out><![CDATA[14:12:30.565 [main] DEBUG com.oxyl.coursepfback.service.ZombieService -- Récupération de tous les zombies
14:12:30.565 [main] DEBUG com.oxyl.coursepfback.service.ZombieService -- 0 zombies trouvés
]]></system-out>
  </testcase>
  <testcase name="getZombie_withNullId_shouldThrowValidationException" classname="com.oxyl.coursepfback.service.ZombieServiceTest" time="0.015">
    <system-out><![CDATA[14:12:30.575 [main] DEBUG com.oxyl.coursepfback.service.ZombieService -- Récupération du zombie avec l'id: null
14:12:30.579 [main] ERROR com.oxyl.coursepfback.service.ZombieService -- Tentative de récupération d'un zombie avec un id null
]]></system-out>
  </testcase>
  <testcase name="updateZombie_withNullIdMap_shouldSucceed" classname="com.oxyl.coursepfback.service.ZombieServiceTest" time="0.013">
    <system-out><![CDATA[14:12:30.600 [main] INFO com.oxyl.coursepfback.service.ZombieService -- Zombie mis à jour avec succès: com.oxyl.coursepfback.model.ZombieModel@3db972d2
]]></system-out>
  </testcase>
  <testcase name="createZombie_withEmptyCheminImage_shouldThrowValidationException" classname="com.oxyl.coursepfback.service.ZombieServiceTest" time="0.01">
    <system-out><![CDATA[14:12:30.613 [main] DEBUG com.oxyl.coursepfback.service.ZombieService -- Création d'un nouveau zombie: com.oxyl.coursepfback.model.ZombieModel@3727f0ee
14:12:30.613 [main] ERROR com.oxyl.coursepfback.service.ZombieService -- Tentative de création d'un zombie avec un chemin d'image vide
]]></system-out>
  </testcase>
  <testcase name="createZombie_withNullZombie_shouldThrowValidationException" classname="com.oxyl.coursepfback.service.ZombieServiceTest" time="0.008">
    <system-out><![CDATA[14:12:30.624 [main] DEBUG com.oxyl.coursepfback.service.ZombieService -- Création d'un nouveau zombie: null
14:12:30.624 [main] ERROR com.oxyl.coursepfback.service.ZombieService -- Tentative de création d'un zombie null
]]></system-out>
  </testcase>
  <testcase name="createZombie_withInvalidDegatAttaque_shouldThrowValidationException" classname="com.oxyl.coursepfback.service.ZombieServiceTest" time="0.008">
    <system-out><![CDATA[14:12:30.632 [main] DEBUG com.oxyl.coursepfback.service.ZombieService -- Création d'un nouveau zombie: com.oxyl.coursepfback.model.ZombieModel@6c6333cd
14:12:30.633 [main] ERROR com.oxyl.coursepfback.service.ZombieService -- Tentative de création d'un zombie avec des dégâts d'attaque négatifs: -10
]]></system-out>
  </testcase>
  <testcase name="createZombie_withInvalidMapId_shouldThrowValidationException" classname="com.oxyl.coursepfback.service.ZombieServiceTest" time="0.016">
    <system-out><![CDATA[14:12:30.659 [main] DEBUG com.oxyl.coursepfback.service.ZombieService -- Création d'un nouveau zombie: com.oxyl.coursepfback.model.ZombieModel@1702830d
14:12:30.659 [main] ERROR com.oxyl.coursepfback.service.ZombieService -- Tentative de création d'un zombie sans id de map
]]></system-out>
  </testcase>
  <testcase name="getZombiesByMapId_withNonExistentMap_shouldThrowValidationException" classname="com.oxyl.coursepfback.service.ZombieServiceTest" time="0.008">
    <system-out><![CDATA[14:12:30.667 [main] DEBUG com.oxyl.coursepfback.service.ZombieService -- Récupération des zombies de la map avec l'id: 1
14:12:30.668 [main] ERROR com.oxyl.coursepfback.service.ZombieService -- Tentative de récupération des zombies d'une map inexistante: 1
]]></system-out>
  </testcase>
  <testcase name="getZombiesByMapId_withValidMap_shouldReturnZombies" classname="com.oxyl.coursepfback.service.ZombieServiceTest" time="0.006">
    <system-out><![CDATA[14:12:30.684 [main] DEBUG com.oxyl.coursepfback.service.ZombieService -- Récupération des zombies de la map avec l'id: 1
14:12:30.684 [main] DEBUG com.oxyl.coursepfback.service.ZombieService -- 1 zombies trouvés pour la map 1
]]></system-out>
  </testcase>
  <testcase name="createZombie_withMaxVitesseDeplacement_shouldSucceed" classname="com.oxyl.coursepfback.service.ZombieServiceTest" time="0.013">
    <system-out><![CDATA[14:12:30.696 [main] DEBUG com.oxyl.coursepfback.service.ZombieService -- Création d'un nouveau zombie: com.oxyl.coursepfback.model.ZombieModel@a0db585
14:12:30.697 [main] INFO com.oxyl.coursepfback.service.ZombieService -- Zombie créé avec succès: com.oxyl.coursepfback.model.ZombieModel@a0db585
]]></system-out>
  </testcase>
  <testcase name="updateZombie_withNonExistentId_shouldThrowNotFoundException" classname="com.oxyl.coursepfback.service.ZombieServiceTest" time="0.015">
    <system-out><![CDATA[14:12:30.712 [main] ERROR com.oxyl.coursepfback.service.ZombieService -- Tentative de mise à jour d'un zombie inexistant avec l'id: 1
]]></system-out>
  </testcase>
  <testcase name="deleteZombie_withNonExistentId_shouldThrowNotFoundException" classname="com.oxyl.coursepfback.service.ZombieServiceTest" time="0.006">
    <system-out><![CDATA[14:12:30.718 [main] DEBUG com.oxyl.coursepfback.service.ZombieService -- Suppression du zombie avec l'id: 1
14:12:30.719 [main] ERROR com.oxyl.coursepfback.service.ZombieService -- Tentative de suppression d'un zombie inexistant avec l'id: 1
]]></system-out>
  </testcase>
  <testcase name="updateZombie_withNullCheminImage_shouldSucceed" classname="com.oxyl.coursepfback.service.ZombieServiceTest" time="0.007">
    <system-out><![CDATA[14:12:30.727 [main] INFO com.oxyl.coursepfback.service.ZombieService -- Zombie mis à jour avec succès: com.oxyl.coursepfback.model.ZombieModel@1c9e07c6
]]></system-out>
  </testcase>
  <testcase name="createZombie_withEmptyNom_shouldThrowValidationException" classname="com.oxyl.coursepfback.service.ZombieServiceTest" time="0.011">
    <system-out><![CDATA[14:12:30.739 [main] DEBUG com.oxyl.coursepfback.service.ZombieService -- Création d'un nouveau zombie: com.oxyl.coursepfback.model.ZombieModel@6b4283c4
14:12:30.740 [main] ERROR com.oxyl.coursepfback.service.ZombieService -- Tentative de création d'un zombie avec un nom vide
]]></system-out>
  </testcase>
  <testcase name="updateZombie_withPartialUpdate_shouldUpdateOnlySpecifiedFields" classname="com.oxyl.coursepfback.service.ZombieServiceTest" time="0.007">
    <system-out><![CDATA[14:12:30.748 [main] INFO com.oxyl.coursepfback.service.ZombieService -- Zombie mis à jour avec succès: com.oxyl.coursepfback.model.ZombieModel@716e431d
]]></system-out>
  </testcase>
  <testcase name="createZombie_withInvalidVitesseDeplacement_shouldThrowValidationException" classname="com.oxyl.coursepfback.service.ZombieServiceTest" time="0.007">
    <system-out><![CDATA[14:12:30.755 [main] DEBUG com.oxyl.coursepfback.service.ZombieService -- Création d'un nouveau zombie: com.oxyl.coursepfback.model.ZombieModel@64b3b1ce
14:12:30.756 [main] ERROR com.oxyl.coursepfback.service.ZombieService -- Tentative de création d'un zombie avec une vitesse de déplacement négative: -1.0
]]></system-out>
  </testcase>
  <testcase name="updateZombie_withPartialUpdate_shouldSucceed" classname="com.oxyl.coursepfback.service.ZombieServiceTest" time="0.026">
    <system-out><![CDATA[14:12:30.781 [main] INFO com.oxyl.coursepfback.service.ZombieService -- Zombie mis à jour avec succès: com.oxyl.coursepfback.model.ZombieModel@3a22bad6
]]></system-out>
  </testcase>
  <testcase name="updateZombie_withNullNom_shouldSucceed" classname="com.oxyl.coursepfback.service.ZombieServiceTest" time="0.008">
    <system-out><![CDATA[14:12:30.790 [main] INFO com.oxyl.coursepfback.service.ZombieService -- Zombie mis à jour avec succès: com.oxyl.coursepfback.model.ZombieModel@67efd2c2
]]></system-out>
  </testcase>
  <testcase name="getZombie_withNonExistentId_shouldThrowNotFoundException" classname="com.oxyl.coursepfback.service.ZombieServiceTest" time="0.006">
    <system-out><![CDATA[14:12:30.797 [main] DEBUG com.oxyl.coursepfback.service.ZombieService -- Récupération du zombie avec l'id: 1
14:12:30.798 [main] ERROR com.oxyl.coursepfback.service.ZombieService -- Zombie non trouvé avec l'id: 1
]]></system-out>
  </testcase>
  <testcase name="updateZombie_withInvalidDegatAttaque_shouldThrowValidationException" classname="com.oxyl.coursepfback.service.ZombieServiceTest" time="0.006">
    <system-out><![CDATA[14:12:30.805 [main] ERROR com.oxyl.coursepfback.service.ZombieService -- Tentative de mise à jour d'un zombie avec des dégâts d'attaque invalides: -10
]]></system-out>
  </testcase>
  <testcase name="updateZombie_withInvalidVitesseDeplacement_shouldThrowValidationException" classname="com.oxyl.coursepfback.service.ZombieServiceTest" time="0.007">
    <system-out><![CDATA[14:12:30.813 [main] ERROR com.oxyl.coursepfback.service.ZombieService -- Tentative de mise à jour d'un zombie avec une vitesse de déplacement invalide: -1.0
]]></system-out>
  </testcase>
</testsuite>